[    50.082] (--) Log file renamed from "/home/darkxx/.local/share/xorg/Xorg.pid-1007.log" to "/home/darkxx/.local/share/xorg/Xorg.0.log"
[    50.083] 
X.Org X Server 1.21.1.8
X Protocol Version 11, Revision 0
[    50.083] Current Operating System: Linux xxdark 6.3.5-arch1-1 #1 SMP PREEMPT_DYNAMIC Tue, 30 May 2023 13:44:01 +0000 x86_64
[    50.083] Kernel command line: BOOT_IMAGE=/boot/vmlinuz-linux root=UUID=508ae521-fa2c-40d0-9e89-3191e43e81fd rw nowatchdog nvme_load=YES loglevel=3
[    50.083]  
[    50.083] Current version of pixman: 0.42.2
[    50.083] 	Before reporting problems, check http://wiki.x.org
	to make sure that you have the latest version.
[    50.083] Markers: (--) probed, (**) from config file, (==) default setting,
	(++) from command line, (!!) notice, (II) informational,
	(WW) warning, (EE) error, (NI) not implemented, (??) unknown.
[    50.084] (==) Log file: "/home/darkxx/.local/share/xorg/Xorg.0.log", Time: Fri Jun  2 08:46:00 2023
[    50.084] (==) Using config directory: "/etc/X11/xorg.conf.d"
[    50.084] (==) Using system config directory "/usr/share/X11/xorg.conf.d"
[    50.085] (==) No Layout section.  Using the first Screen section.
[    50.085] (==) No screen section available. Using defaults.
[    50.085] (**) |-->Screen "Default Screen Section" (0)
[    50.085] (**) |   |-->Monitor "<default monitor>"
[    50.085] (==) No monitor specified for screen "Default Screen Section".
	Using a default monitor configuration.
[    50.086] (==) Automatically adding devices
[    50.086] (==) Automatically enabling devices
[    50.086] (==) Automatically adding GPU devices
[    50.086] (==) Automatically binding GPU devices
[    50.086] (==) Max clients allowed: 256, resource mask: 0x1fffff
[    50.086] (WW) The directory "/usr/share/fonts/misc" does not exist.
[    50.086] 	Entry deleted from font path.
[    50.086] (WW) `fonts.dir' not found (or not valid) in "/usr/share/fonts/TTF".
[    50.086] 	Entry deleted from font path.
[    50.086] 	(Run 'mkfontdir' on "/usr/share/fonts/TTF").
[    50.086] (WW) The directory "/usr/share/fonts/OTF" does not exist.
[    50.086] 	Entry deleted from font path.
[    50.086] (WW) The directory "/usr/share/fonts/Type1" does not exist.
[    50.086] 	Entry deleted from font path.
[    50.087] (WW) The directory "/usr/share/fonts/100dpi" does not exist.
[    50.087] 	Entry deleted from font path.
[    50.087] (WW) The directory "/usr/share/fonts/75dpi" does not exist.
[    50.087] 	Entry deleted from font path.
[    50.087] (==) FontPath set to:
	
[    50.087] (==) ModulePath set to "/usr/lib/xorg/modules"
[    50.087] (II) The server relies on udev to provide the list of input devices.
	If no devices become available, reconfigure udev or disable AutoAddDevices.
[    50.087] (II) Module ABI versions:
[    50.087] 	X.Org ANSI C Emulation: 0.4
[    50.087] 	X.Org Video Driver: 25.2
[    50.087] 	X.Org XInput driver : 24.4
[    50.087] 	X.Org Server Extension : 10.0
[    50.089] (++) using VT number 2

[    50.094] (II) systemd-logind: took control of session /org/freedesktop/login1/session/_33
[    50.096] (II) xfree86: Adding drm device (/dev/dri/card0)
[    50.096] (II) Platform probe for /sys/devices/pci0000:00/0000:00:02.0/drm/card0
[    50.098] (II) systemd-logind: got fd for /dev/dri/card0 226:0 fd 14 paused 0
[    50.102] (--) PCI:*(0@0:2:0) 8086:3185:17aa:3fb4 rev 6, Mem @ 0xa0000000/16777216, 0x90000000/268435456, I/O @ 0x00001000/64, BIOS @ 0x????????/131072
[    50.102] (WW) Open ACPI failed (/var/run/acpid.socket) (No such file or directory)
[    50.102] (II) LoadModule: "glx"
[    50.103] (II) Loading /usr/lib/xorg/modules/extensions/libglx.so
[    50.106] (II) Module glx: vendor="X.Org Foundation"
[    50.106] 	compiled for 1.21.1.8, module version = 1.0.0
[    50.107] 	ABI class: X.Org Server Extension, version 10.0
[    50.107] (==) Matched intel as autoconfigured driver 0
[    50.107] (==) Matched modesetting as autoconfigured driver 1
[    50.107] (==) Matched fbdev as autoconfigured driver 2
[    50.107] (==) Matched vesa as autoconfigured driver 3
[    50.107] (==) Assigned the driver to the xf86ConfigLayout
[    50.107] (II) LoadModule: "intel"
[    50.107] (WW) Warning, couldn't open module intel
[    50.107] (EE) Failed to load module "intel" (module does not exist, 0)
[    50.107] (II) LoadModule: "modesetting"
[    50.108] (II) Loading /usr/lib/xorg/modules/drivers/modesetting_drv.so
[    50.109] (II) Module modesetting: vendor="X.Org Foundation"
[    50.109] 	compiled for 1.21.1.8, module version = 1.21.1
[    50.109] 	Module class: X.Org Video Driver
[    50.109] 	ABI class: X.Org Video Driver, version 25.2
[    50.109] (II) LoadModule: "fbdev"
[    50.110] (WW) Warning, couldn't open module fbdev
[    50.110] (EE) Failed to load module "fbdev" (module does not exist, 0)
[    50.110] (II) LoadModule: "vesa"
[    50.110] (WW) Warning, couldn't open module vesa
[    50.110] (EE) Failed to load module "vesa" (module does not exist, 0)
[    50.110] (II) modesetting: Driver for Modesetting Kernel Drivers: kms
[    50.111] (II) modeset(0): using drv /dev/dri/card0
[    50.111] (WW) VGA arbiter: cannot open kernel arbiter, no multi-card support
[    50.111] (II) modeset(0): Creating default Display subsection in Screen section
	"Default Screen Section" for depth/fbbpp 24/32
[    50.111] (==) modeset(0): Depth 24, (==) framebuffer bpp 32
[    50.111] (==) modeset(0): RGB weight 888
[    50.111] (==) modeset(0): Default visual is TrueColor
[    50.111] (II) Loading sub module "glamoregl"
[    50.111] (II) LoadModule: "glamoregl"
[    50.111] (II) Loading /usr/lib/xorg/modules/libglamoregl.so
[    50.119] (II) Module glamoregl: vendor="X.Org Foundation"
[    50.119] 	compiled for 1.21.1.8, module version = 1.0.1
[    50.119] 	ABI class: X.Org ANSI C Emulation, version 0.4
[    50.192] (II) modeset(0): glamor X acceleration enabled on Mesa Intel(R) UHD Graphics 600 (GLK 2)
[    50.192] (II) modeset(0): glamor initialized
[    50.192] (==) modeset(0): VariableRefresh: disabled
[    50.192] (==) modeset(0): AsyncFlipSecondaries: disabled
[    50.398] (II) modeset(0): Output eDP-1 has no monitor section
[    50.798] (II) modeset(0): Output DP-1 has no monitor section
[    50.825] (II) modeset(0): Output HDMI-1 has no monitor section
[    51.225] (II) modeset(0): Output DP-2 has no monitor section
[    51.277] (II) modeset(0): Output HDMI-2 has no monitor section
[    51.279] (II) modeset(0): EDID for output eDP-1
[    51.279] (II) modeset(0): Manufacturer: CMN  Model: 15e6  Serial#: 0
[    51.279] (II) modeset(0): Year: 2016  Week: 28
[    51.279] (II) modeset(0): EDID Version: 1.4
[    51.279] (II) modeset(0): Digital Display Input
[    51.279] (II) modeset(0): 6 bits per channel
[    51.279] (II) modeset(0): Digital interface is DisplayPort
[    51.279] (II) modeset(0): Max Image Size [cm]: horiz.: 34  vert.: 19
[    51.279] (II) modeset(0): Gamma: 2.20
[    51.279] (II) modeset(0): No DPMS capabilities specified
[    51.279] (II) modeset(0): Supported color encodings: RGB 4:4:4 
[    51.279] (II) modeset(0): First detailed timing is preferred mode
[    51.279] (II) modeset(0): Preferred mode is native pixel format and refresh rate
[    51.279] (II) modeset(0): redX: 0.569 redY: 0.332   greenX: 0.328 greenY: 0.581
[    51.279] (II) modeset(0): blueX: 0.163 blueY: 0.133   whiteX: 0.313 whiteY: 0.329
[    51.279] (II) modeset(0): Manufacturer's mask: 0
[    51.279] (II) modeset(0): Supported detailed timing:
[    51.279] (II) modeset(0): clock: 76.4 MHz   Image Size:  344 x 193 mm
[    51.279] (II) modeset(0): h_active: 1366  h_sync: 1434  h_sync_end 1479 h_blank_end 1592 h_border: 0
[    51.279] (II) modeset(0): v_active: 768  v_sync: 772  v_sync_end 779 v_blanking: 800 v_border: 0
[    51.279] (II) modeset(0):  N156BGA-EA3
[    51.279] (II) modeset(0):  CMN
[    51.280] (II) modeset(0):  N156BGA-EA3
[    51.280] (II) modeset(0): EDID (in hex):
[    51.280] (II) modeset(0): 	00ffffffffffff000daee61500000000
[    51.280] (II) modeset(0): 	1c1a01049522137802c3c59155549429
[    51.280] (II) modeset(0): 	22505400000001010101010101010101
[    51.280] (II) modeset(0): 	010101010101da1d56e250002030442d
[    51.280] (II) modeset(0): 	470058c110000018000000fe004e3135
[    51.280] (II) modeset(0): 	364247412d4541330a20000000fe0043
[    51.280] (II) modeset(0): 	4d4e0a202020202020202020000000fe
[    51.280] (II) modeset(0): 	004e3135364247412d4541330a20002a
[    51.280] (II) modeset(0): Printing probed modes for output eDP-1
[    51.280] (II) modeset(0): Modeline "1366x768"x60.0   76.42  1366 1434 1479 1592  768 772 779 800 -hsync -vsync (48.0 kHz eP)
[    51.280] (II) modeset(0): Modeline "1280x720"x120.0  156.12  1280 1376 1512 1744  720 721 724 746 doublescan -hsync +vsync (89.5 kHz d)
[    51.280] (II) modeset(0): Modeline "1280x720"x120.0  120.75  1280 1304 1320 1360  720 721 724 740 doublescan +hsync -vsync (88.8 kHz d)
[    51.280] (II) modeset(0): Modeline "1280x720"x59.9   74.50  1280 1344 1472 1664  720 723 728 748 -hsync +vsync (44.8 kHz d)
[    51.280] (II) modeset(0): Modeline "1280x720"x59.7   63.75  1280 1328 1360 1440  720 723 728 741 +hsync -vsync (44.3 kHz d)
[    51.280] (II) modeset(0): Modeline "1024x768"x120.1  133.47  1024 1100 1212 1400  768 768 770 794 doublescan -hsync +vsync (95.3 kHz d)
[    51.280] (II) modeset(0): Modeline "1024x768"x60.0   65.00  1024 1048 1184 1344  768 771 777 806 -hsync -vsync (48.4 kHz d)
[    51.280] (II) modeset(0): Modeline "960x720"x120.0  117.00  960 1024 1128 1300  720 720 722 750 doublescan -hsync +vsync (90.0 kHz d)
[    51.280] (II) modeset(0): Modeline "928x696"x120.1  109.15  928 976 1088 1264  696 696 698 719 doublescan -hsync +vsync (86.4 kHz d)
[    51.280] (II) modeset(0): Modeline "896x672"x120.0  102.40  896 960 1060 1224  672 672 674 697 doublescan -hsync +vsync (83.7 kHz d)
[    51.280] (II) modeset(0): Modeline "1024x576"x119.9   98.50  1024 1092 1200 1376  576 577 580 597 doublescan -hsync +vsync (71.6 kHz d)
[    51.280] (II) modeset(0): Modeline "1024x576"x119.9   78.38  1024 1048 1064 1104  576 577 580 592 doublescan +hsync -vsync (71.0 kHz d)
[    51.280] (II) modeset(0): Modeline "1024x576"x59.9   46.50  1024 1064 1160 1296  576 579 584 599 -hsync +vsync (35.9 kHz d)
[    51.280] (II) modeset(0): Modeline "1024x576"x59.8   42.00  1024 1072 1104 1184  576 579 584 593 +hsync -vsync (35.5 kHz d)
[    51.280] (II) modeset(0): Modeline "960x600"x119.9   96.62  960 1028 1128 1296  600 601 604 622 doublescan -hsync +vsync (74.6 kHz d)
[    51.280] (II) modeset(0): Modeline "960x600"x120.0   77.00  960 984 1000 1040  600 601 604 617 doublescan +hsync -vsync (74.0 kHz d)
[    51.280] (II) modeset(0): Modeline "960x540"x119.9   86.50  960 1024 1124 1288  540 541 544 560 doublescan -hsync +vsync (67.2 kHz d)
[    51.280] (II) modeset(0): Modeline "960x540"x120.0   69.25  960 984 1000 1040  540 541 544 555 doublescan +hsync -vsync (66.6 kHz d)
[    51.280] (II) modeset(0): Modeline "960x540"x59.6   40.75  960 992 1088 1216  540 543 548 562 -hsync +vsync (33.5 kHz d)
[    51.280] (II) modeset(0): Modeline "960x540"x59.8   37.25  960 1008 1040 1120  540 543 548 556 +hsync -vsync (33.3 kHz d)
[    51.280] (II) modeset(0): Modeline "800x600"x120.0   81.00  800 832 928 1080  600 600 602 625 doublescan +hsync +vsync (75.0 kHz d)
[    51.280] (II) modeset(0): Modeline "800x600"x60.3   40.00  800 840 968 1056  600 601 605 628 +hsync +vsync (37.9 kHz d)
[    51.280] (II) modeset(0): Modeline "800x600"x56.2   36.00  800 824 896 1024  600 601 603 625 +hsync +vsync (35.2 kHz d)
[    51.280] (II) modeset(0): Modeline "840x525"x120.0   73.12  840 892 980 1120  525 526 529 544 doublescan -hsync +vsync (65.3 kHz d)
[    51.280] (II) modeset(0): Modeline "840x525"x119.8   59.50  840 864 880 920  525 526 529 540 doublescan +hsync -vsync (64.7 kHz d)
[    51.280] (II) modeset(0): Modeline "864x486"x59.9   32.50  864 888 968 1072  486 489 494 506 -hsync +vsync (30.3 kHz d)
[    51.280] (II) modeset(0): Modeline "864x486"x59.6   30.50  864 912 944 1024  486 489 494 500 +hsync -vsync (29.8 kHz d)
[    51.280] (II) modeset(0): Modeline "700x525"x120.0   61.00  700 744 820 940  525 526 532 541 doublescan +hsync +vsync (64.9 kHz d)
[    51.280] (II) modeset(0): Modeline "800x450"x119.9   59.12  800 848 928 1056  450 451 454 467 doublescan -hsync +vsync (56.0 kHz d)
[    51.280] (II) modeset(0): Modeline "800x450"x119.6   48.75  800 824 840 880  450 451 454 463 doublescan +hsync -vsync (55.4 kHz d)
[    51.280] (II) modeset(0): Modeline "640x512"x120.0   54.00  640 664 720 844  512 512 514 533 doublescan +hsync +vsync (64.0 kHz d)
[    51.280] (II) modeset(0): Modeline "700x450"x119.9   51.75  700 740 812 924  450 451 456 467 doublescan -hsync +vsync (56.0 kHz d)
[    51.280] (II) modeset(0): Modeline "700x450"x119.8   43.25  700 724 740 780  450 451 456 463 doublescan +hsync -vsync (55.4 kHz d)
[    51.280] (II) modeset(0): Modeline "640x480"x120.0   54.00  640 688 744 900  480 480 482 500 doublescan +hsync +vsync (60.0 kHz d)
[    51.280] (II) modeset(0): Modeline "640x480"x59.9   25.18  640 656 752 800  480 490 492 525 -hsync -vsync (31.5 kHz d)
[    51.280] (II) modeset(0): Modeline "720x405"x59.5   22.50  720 744 808 896  405 408 413 422 -hsync +vsync (25.1 kHz d)
[    51.280] (II) modeset(0): Modeline "720x405"x59.0   21.75  720 768 800 880  405 408 413 419 +hsync -vsync (24.7 kHz d)
[    51.280] (II) modeset(0): Modeline "684x384"x119.8   42.62  684 720 788 892  384 385 390 399 doublescan -hsync +vsync (47.8 kHz d)
[    51.280] (II) modeset(0): Modeline "684x384"x119.7   36.12  684 708 724 764  384 385 390 395 doublescan +hsync -vsync (47.3 kHz d)
[    51.280] (II) modeset(0): Modeline "640x400"x119.8   41.75  640 676 740 840  400 401 404 415 doublescan -hsync +vsync (49.7 kHz d)
[    51.280] (II) modeset(0): Modeline "640x400"x120.0   35.50  640 664 680 720  400 401 404 411 doublescan +hsync -vsync (49.3 kHz d)
[    51.280] (II) modeset(0): Modeline "640x360"x119.7   37.25  640 672 736 832  360 361 364 374 doublescan -hsync +vsync (44.8 kHz d)
[    51.280] (II) modeset(0): Modeline "640x360"x119.7   31.88  640 664 680 720  360 361 364 370 doublescan +hsync -vsync (44.3 kHz d)
[    51.281] (II) modeset(0): Modeline "640x360"x59.8   18.00  640 664 720 800  360 363 368 376 -hsync +vsync (22.5 kHz d)
[    51.281] (II) modeset(0): Modeline "640x360"x59.3   17.75  640 688 720 800  360 363 368 374 +hsync -vsync (22.2 kHz d)
[    51.281] (II) modeset(0): Modeline "512x384"x120.0   32.50  512 524 592 672  384 385 388 403 doublescan -hsync -vsync (48.4 kHz d)
[    51.281] (II) modeset(0): Modeline "512x288"x120.0   23.25  512 532 580 648  288 289 292 299 doublescan -hsync +vsync (35.9 kHz d)
[    51.281] (II) modeset(0): Modeline "512x288"x119.8   21.00  512 536 552 592  288 289 292 296 doublescan +hsync -vsync (35.5 kHz d)
[    51.281] (II) modeset(0): Modeline "480x270"x119.3   20.38  480 496 544 608  270 271 274 281 doublescan -hsync +vsync (33.5 kHz d)
[    51.281] (II) modeset(0): Modeline "480x270"x119.6   18.62  480 504 520 560  270 271 274 278 doublescan +hsync -vsync (33.3 kHz d)
[    51.281] (II) modeset(0): Modeline "400x300"x120.6   20.00  400 420 484 528  300 300 302 314 doublescan +hsync +vsync (37.9 kHz d)
[    51.281] (II) modeset(0): Modeline "400x300"x112.7   18.00  400 412 448 512  300 300 301 312 doublescan +hsync +vsync (35.2 kHz d)
[    51.281] (II) modeset(0): Modeline "432x243"x119.8   16.25  432 444 484 536  243 244 247 253 doublescan -hsync +vsync (30.3 kHz d)
[    51.281] (II) modeset(0): Modeline "432x243"x119.1   15.25  432 456 472 512  243 244 247 250 doublescan +hsync -vsync (29.8 kHz d)
[    51.281] (II) modeset(0): Modeline "320x240"x120.1   12.59  320 328 376 400  240 245 246 262 doublescan -hsync -vsync (31.5 kHz d)
[    51.281] (II) modeset(0): Modeline "360x202"x119.0   11.25  360 372 404 448  202 204 206 211 doublescan -hsync +vsync (25.1 kHz d)
[    51.281] (II) modeset(0): Modeline "360x202"x118.3   10.88  360 384 400 440  202 204 206 209 doublescan +hsync -vsync (24.7 kHz d)
[    51.281] (II) modeset(0): Modeline "320x180"x119.7    9.00  320 332 360 400  180 181 184 188 doublescan -hsync +vsync (22.5 kHz d)
[    51.281] (II) modeset(0): Modeline "320x180"x118.6    8.88  320 344 360 400  180 181 184 187 doublescan +hsync -vsync (22.2 kHz d)
[    51.681] (II) modeset(0): EDID for output DP-1
[    51.709] (II) modeset(0): EDID for output HDMI-1
[    51.709] (II) modeset(0): Manufacturer: BNQ  Model: 78e6  Serial#: 21573
[    51.709] (II) modeset(0): Year: 2023  Week: 11
[    51.709] (II) modeset(0): EDID Version: 1.3
[    51.709] (II) modeset(0): Digital Display Input
[    51.709] (II) modeset(0): Max Image Size [cm]: horiz.: 60  vert.: 34
[    51.709] (II) modeset(0): Gamma: 2.20
[    51.709] (II) modeset(0): DPMS capabilities: Off
[    51.710] (II) modeset(0): Supported color encodings: RGB 4:4:4 YCrCb 4:4:4 
[    51.710] (II) modeset(0): Default color space is primary color space
[    51.710] (II) modeset(0): First detailed timing is preferred mode
[    51.710] (II) modeset(0): redX: 0.653 redY: 0.336   greenX: 0.322 greenY: 0.609
[    51.710] (II) modeset(0): blueX: 0.152 blueY: 0.061   whiteX: 0.313 whiteY: 0.329
[    51.710] (II) modeset(0): Supported established timings:
[    51.710] (II) modeset(0): 720x400@70Hz
[    51.710] (II) modeset(0): 640x480@60Hz
[    51.710] (II) modeset(0): 640x480@75Hz
[    51.710] (II) modeset(0): 800x600@60Hz
[    51.710] (II) modeset(0): 800x600@75Hz
[    51.710] (II) modeset(0): 832x624@75Hz
[    51.710] (II) modeset(0): 1024x768@60Hz
[    51.710] (II) modeset(0): 1024x768@75Hz
[    51.710] (II) modeset(0): 1280x1024@75Hz
[    51.710] (II) modeset(0): 1152x864@75Hz
[    51.710] (II) modeset(0): Manufacturer's mask: 0
[    51.710] (II) modeset(0): Supported standard timings:
[    51.710] (II) modeset(0): #0: hsize: 1920  vsize 1080  refresh: 60  vid: 49361
[    51.710] (II) modeset(0): #1: hsize: 1680  vsize 1050  refresh: 60  vid: 179
[    51.710] (II) modeset(0): #2: hsize: 1600  vsize 900  refresh: 60  vid: 49321
[    51.710] (II) modeset(0): #3: hsize: 1280  vsize 1024  refresh: 60  vid: 32897
[    51.710] (II) modeset(0): #4: hsize: 1280  vsize 800  refresh: 60  vid: 129
[    51.710] (II) modeset(0): #5: hsize: 1280  vsize 720  refresh: 60  vid: 49281
[    51.710] (II) modeset(0): Supported detailed timing:
[    51.710] (II) modeset(0): clock: 148.5 MHz   Image Size:  598 x 336 mm
[    51.710] (II) modeset(0): h_active: 1920  h_sync: 2008  h_sync_end 2052 h_blank_end 2200 h_border: 0
[    51.710] (II) modeset(0): v_active: 1080  v_sync: 1084  v_sync_end 1089 v_blanking: 1125 v_border: 0
[    51.710] (II) modeset(0): Serial No: F3P0549801Q
[    51.710] (II) modeset(0): Ranges: V min: 50 V max: 76 Hz, H min: 30 H max: 83 kHz, PixClock max 175 MHz
[    51.710] (II) modeset(0): Monitor name: BenQ GW2780
[    51.710] (II) modeset(0): Supported detailed timing:
[    51.710] (II) modeset(0): clock: 148.5 MHz   Image Size:  598 x 336 mm
[    51.710] (II) modeset(0): h_active: 1920  h_sync: 2008  h_sync_end 2052 h_blank_end 2200 h_border: 0
[    51.710] (II) modeset(0): v_active: 1080  v_sync: 1084  v_sync_end 1089 v_blanking: 1125 v_border: 0
[    51.710] (II) modeset(0): Supported detailed timing:
[    51.710] (II) modeset(0): clock: 74.2 MHz   Image Size:  598 x 336 mm
[    51.710] (II) modeset(0): h_active: 1920  h_sync: 2008  h_sync_end 2052 h_blank_end 2200 h_border: 0
[    51.710] (II) modeset(0): v_active: 540  v_sync: 542  v_sync_end 547 v_blanking: 562 v_border: 0
[    51.710] (II) modeset(0): Supported detailed timing:
[    51.710] (II) modeset(0): clock: 74.2 MHz   Image Size:  598 x 336 mm
[    51.710] (II) modeset(0): h_active: 1280  h_sync: 1390  h_sync_end 1430 h_blank_end 1650 h_border: 0
[    51.710] (II) modeset(0): v_active: 720  v_sync: 725  v_sync_end 730 v_blanking: 750 v_border: 0
[    51.710] (II) modeset(0): Supported detailed timing:
[    51.710] (II) modeset(0): clock: 27.0 MHz   Image Size:  598 x 336 mm
[    51.710] (II) modeset(0): h_active: 720  h_sync: 736  h_sync_end 798 h_blank_end 858 h_border: 0
[    51.710] (II) modeset(0): v_active: 480  v_sync: 489  v_sync_end 495 v_blanking: 525 v_border: 0
[    51.710] (II) modeset(0): Number of EDID sections to follow: 1
[    51.710] (II) modeset(0): EDID (in hex):
[    51.710] (II) modeset(0): 	00ffffffffffff0009d1e67845540000
[    51.710] (II) modeset(0): 	0b210103803c22782e4825a756529c27
[    51.710] (II) modeset(0): 	0f5054a56b80d1c0b300a9c081808100
[    51.710] (II) modeset(0): 	81c001010101023a801871382d40582c
[    51.710] (II) modeset(0): 	450056502100001e000000ff00463350
[    51.710] (II) modeset(0): 	30353439383031510a20000000fd0032
[    51.710] (II) modeset(0): 	4c1e5311000a202020202020000000fc
[    51.710] (II) modeset(0): 	0042656e51204757323738300a200122
[    51.710] (II) modeset(0): 	020322f14f901f041303120211011406
[    51.710] (II) modeset(0): 	07151605230907078301000065030c00
[    51.710] (II) modeset(0): 	1000023a801871382d40582c45005650
[    51.711] (II) modeset(0): 	2100001f011d8018711c1620582c2500
[    51.711] (II) modeset(0): 	56502100009f011d007251d01e206e28
[    51.711] (II) modeset(0): 	550056502100001e8c0ad08a20e02d10
[    51.711] (II) modeset(0): 	103e9600565021000018000000000000
[    51.711] (II) modeset(0): 	00000000000000000000000000000047
[    51.711] (II) modeset(0): Printing probed modes for output HDMI-1
[    51.711] (II) modeset(0): Modeline "1920x1080"x60.0  148.50  1920 2008 2052 2200  1080 1084 1089 1125 +hsync +vsync (67.5 kHz eP)
[    51.711] (II) modeset(0): Modeline "1920x1080"x50.0  148.50  1920 2448 2492 2640  1080 1084 1089 1125 +hsync +vsync (56.2 kHz e)
[    51.711] (II) modeset(0): Modeline "1920x1080"x59.9  148.35  1920 2008 2052 2200  1080 1084 1089 1125 +hsync +vsync (67.4 kHz e)
[    51.711] (II) modeset(0): Modeline "1920x1080i"x60.0   74.25  1920 2008 2052 2200  1080 1084 1094 1125 interlace +hsync +vsync (33.8 kHz e)
[    51.711] (II) modeset(0): Modeline "1920x1080i"x50.0   74.25  1920 2448 2492 2640  1080 1084 1094 1125 interlace +hsync +vsync (28.1 kHz e)
[    51.711] (II) modeset(0): Modeline "1920x1080i"x59.9   74.18  1920 2008 2052 2200  1080 1084 1094 1125 interlace +hsync +vsync (33.7 kHz e)
[    51.711] (II) modeset(0): Modeline "1680x1050"x59.9  119.00  1680 1728 1760 1840  1050 1053 1059 1080 +hsync -vsync (64.7 kHz e)
[    51.711] (II) modeset(0): Modeline "1600x900"x60.0  108.00  1600 1624 1704 1800  900 901 904 1000 +hsync +vsync (60.0 kHz e)
[    51.711] (II) modeset(0): Modeline "1280x1024"x75.0  135.00  1280 1296 1440 1688  1024 1025 1028 1066 +hsync +vsync (80.0 kHz e)
[    51.711] (II) modeset(0): Modeline "1280x1024"x60.0  108.00  1280 1328 1440 1688  1024 1025 1028 1066 +hsync +vsync (64.0 kHz e)
[    51.711] (II) modeset(0): Modeline "1280x800"x59.9   71.00  1280 1328 1360 1440  800 803 809 823 +hsync -vsync (49.3 kHz e)
[    51.711] (II) modeset(0): Modeline "1152x864"x75.0  108.00  1152 1216 1344 1600  864 865 868 900 +hsync +vsync (67.5 kHz e)
[    51.711] (II) modeset(0): Modeline "1280x720"x60.0   74.25  1280 1390 1430 1650  720 725 730 750 +hsync +vsync (45.0 kHz e)
[    51.711] (II) modeset(0): Modeline "1280x720"x50.0   74.25  1280 1720 1760 1980  720 725 730 750 +hsync +vsync (37.5 kHz e)
[    51.711] (II) modeset(0): Modeline "1280x720"x59.9   74.18  1280 1390 1430 1650  720 725 730 750 +hsync +vsync (45.0 kHz e)
[    51.711] (II) modeset(0): Modeline "1024x768"x75.0   78.75  1024 1040 1136 1312  768 769 772 800 +hsync +vsync (60.0 kHz e)
[    51.711] (II) modeset(0): Modeline "1024x768"x60.0   65.00  1024 1048 1184 1344  768 771 777 806 -hsync -vsync (48.4 kHz e)
[    51.711] (II) modeset(0): Modeline "832x624"x74.6   57.28  832 864 928 1152  624 625 628 667 -hsync -vsync (49.7 kHz e)
[    51.711] (II) modeset(0): Modeline "800x600"x75.0   49.50  800 816 896 1056  600 601 604 625 +hsync +vsync (46.9 kHz e)
[    51.711] (II) modeset(0): Modeline "800x600"x60.3   40.00  800 840 968 1056  600 601 605 628 +hsync +vsync (37.9 kHz e)
[    51.711] (II) modeset(0): Modeline "720x576"x50.0   27.00  720 732 796 864  576 581 586 625 -hsync -vsync (31.2 kHz e)
[    51.711] (II) modeset(0): Modeline "720x576i"x50.0   13.50  720 732 795 864  576 580 586 625 interlace -hsync -vsync (15.6 kHz e)
[    51.711] (II) modeset(0): Modeline "720x480"x60.0   27.03  720 736 798 858  480 489 495 525 -hsync -vsync (31.5 kHz e)
[    51.711] (II) modeset(0): Modeline "720x480"x59.9   27.00  720 736 798 858  480 489 495 525 -hsync -vsync (31.5 kHz e)
[    51.711] (II) modeset(0): Modeline "720x480i"x60.0   13.51  720 739 801 858  480 488 494 525 interlace -hsync -vsync (15.8 kHz e)
[    51.711] (II) modeset(0): Modeline "720x480i"x59.9   13.50  720 739 801 858  480 488 494 525 interlace -hsync -vsync (15.7 kHz e)
[    51.711] (II) modeset(0): Modeline "640x480"x75.0   31.50  640 656 720 840  480 481 484 500 -hsync -vsync (37.5 kHz e)
[    51.711] (II) modeset(0): Modeline "640x480"x60.0   25.20  640 656 752 800  480 490 492 525 -hsync -vsync (31.5 kHz e)
[    51.711] (II) modeset(0): Modeline "640x480"x59.9   25.18  640 656 752 800  480 490 492 525 -hsync -vsync (31.5 kHz e)
[    51.711] (II) modeset(0): Modeline "720x400"x70.1   28.32  720 738 846 900  400 412 414 449 -hsync +vsync (31.5 kHz e)
[    52.111] (II) modeset(0): EDID for output DP-2
[    52.163] (II) modeset(0): EDID for output HDMI-2
[    52.163] (II) modeset(0): Output eDP-1 connected
[    52.163] (II) modeset(0): Output DP-1 disconnected
[    52.163] (II) modeset(0): Output HDMI-1 connected
[    52.163] (II) modeset(0): Output DP-2 disconnected
[    52.163] (II) modeset(0): Output HDMI-2 disconnected
[    52.163] (II) modeset(0): Using spanning desktop for initial modes
[    52.163] (II) modeset(0): Output eDP-1 using initial mode 1366x768 +0+0
[    52.163] (II) modeset(0): Output HDMI-1 using initial mode 1920x1080 +1366+0
[    52.164] (==) modeset(0): Using gamma correction (1.0, 1.0, 1.0)
[    52.164] (==) modeset(0): DPI set to (96, 96)
[    52.164] (II) Loading sub module "fb"
[    52.164] (II) LoadModule: "fb"
[    52.164] (II) Module "fb" already built-in
[    52.189] (==) modeset(0): Backing store enabled
[    52.189] (==) modeset(0): Silken mouse enabled
[    52.332] (II) modeset(0): Initializing kms color map for depth 24, 8 bpc.
[    52.333] (==) modeset(0): DPMS enabled
[    52.333] (II) modeset(0): [DRI2] Setup complete
[    52.333] (II) modeset(0): [DRI2]   DRI driver: iris
[    52.333] (II) modeset(0): [DRI2]   VDPAU driver: va_gl
[    52.333] (II) Initializing extension Generic Event Extension
[    52.333] (II) Initializing extension SHAPE
[    52.334] (II) Initializing extension MIT-SHM
[    52.334] (II) Initializing extension XInputExtension
[    52.334] (II) Initializing extension XTEST
[    52.334] (II) Initializing extension BIG-REQUESTS
[    52.334] (II) Initializing extension SYNC
[    52.334] (II) Initializing extension XKEYBOARD
[    52.335] (II) Initializing extension XC-MISC
[    52.335] (II) Initializing extension SECURITY
[    52.335] (II) Initializing extension XFIXES
[    52.335] (II) Initializing extension RENDER
[    52.335] (II) Initializing extension RANDR
[    52.335] (II) Initializing extension COMPOSITE
[    52.336] (II) Initializing extension DAMAGE
[    52.336] (II) Initializing extension MIT-SCREEN-SAVER
[    52.336] (II) Initializing extension DOUBLE-BUFFER
[    52.336] (II) Initializing extension RECORD
[    52.336] (II) Initializing extension DPMS
[    52.336] (II) Initializing extension Present
[    52.337] (II) Initializing extension DRI3
[    52.337] (II) Initializing extension X-Resource
[    52.337] (II) Initializing extension XVideo
[    52.337] (II) Initializing extension XVideo-MotionCompensation
[    52.337] (II) Initializing extension GLX
[    52.346] (II) AIGLX: Loaded and initialized iris
[    52.346] (II) GLX: Initialized DRI2 GL provider for screen 0
[    52.346] (II) Initializing extension XFree86-VidModeExtension
[    52.346] (II) Initializing extension XFree86-DGA
[    52.346] (II) Initializing extension XFree86-DRI
[    52.346] (II) Initializing extension DRI2
[    52.347] (II) modeset(0): Damage tracking initialized
[    52.347] (II) modeset(0): Setting screen physical size to 869 x 285
[    52.434] (II) config/udev: Adding input device Power Button (/dev/input/event2)
[    52.434] (**) Power Button: Applying InputClass "devname"
[    52.434] (**) Power Button: Applying InputClass "libinput keyboard catchall"
[    52.434] (**) Power Button: Applying InputClass "system-keyboard"
[    52.434] (II) LoadModule: "libinput"
[    52.435] (II) Loading /usr/lib/xorg/modules/input/libinput_drv.so
[    52.438] (II) Module libinput: vendor="X.Org Foundation"
[    52.438] 	compiled for 1.21.1.8, module version = 1.3.0
[    52.438] 	Module class: X.Org XInput Driver
[    52.438] 	ABI class: X.Org XInput driver, version 24.4
[    52.438] (II) Using input driver 'libinput' for 'Power Button'
[    52.442] (II) systemd-logind: got fd for /dev/input/event2 13:66 fd 28 paused 0
[    52.442] (**) Power Button: always reports core events
[    52.442] (**) Option "Device" "/dev/input/event2"
[    52.445] (II) event2  - Power Button: is tagged by udev as: Keyboard
[    52.446] (II) event2  - Power Button: device is a keyboard
[    52.446] (II) event2  - Power Button: device removed
[    52.446] (**) Option "config_info" "udev:/sys/devices/LNXSYSTM:00/LNXPWRBN:00/input/input2/event2"
[    52.446] (II) XINPUT: Adding extended input device "Power Button" (type: KEYBOARD, id 6)
[    52.446] (**) Option "xkb_layout" "us"
[    52.447] (II) event2  - Power Button: is tagged by udev as: Keyboard
[    52.447] (II) event2  - Power Button: device is a keyboard
[    52.449] (II) config/udev: Adding input device Video Bus (/dev/input/event12)
[    52.449] (**) Video Bus: Applying InputClass "devname"
[    52.449] (**) Video Bus: Applying InputClass "libinput keyboard catchall"
[    52.449] (**) Video Bus: Applying InputClass "system-keyboard"
[    52.449] (II) Using input driver 'libinput' for 'Video Bus'
[    52.450] (II) systemd-logind: got fd for /dev/input/event12 13:76 fd 31 paused 0
[    52.450] (**) Video Bus: always reports core events
[    52.450] (**) Option "Device" "/dev/input/event12"
[    52.452] (II) event12 - Video Bus: is tagged by udev as: Keyboard
[    52.452] (II) event12 - Video Bus: device is a keyboard
[    52.452] (II) event12 - Video Bus: device removed
[    52.452] (**) Option "config_info" "udev:/sys/devices/LNXSYSTM:00/LNXSYBUS:00/PNP0A08:00/LNXVIDEO:00/input/input14/event12"
[    52.452] (II) XINPUT: Adding extended input device "Video Bus" (type: KEYBOARD, id 7)
[    52.452] (**) Option "xkb_layout" "us"
[    52.454] (II) event12 - Video Bus: is tagged by udev as: Keyboard
[    52.455] (II) event12 - Video Bus: device is a keyboard
[    52.456] (II) config/udev: Adding input device Power Button (/dev/input/event1)
[    52.456] (**) Power Button: Applying InputClass "devname"
[    52.456] (**) Power Button: Applying InputClass "libinput keyboard catchall"
[    52.456] (**) Power Button: Applying InputClass "system-keyboard"
[    52.456] (II) Using input driver 'libinput' for 'Power Button'
[    52.459] (II) systemd-logind: got fd for /dev/input/event1 13:65 fd 32 paused 0
[    52.459] (**) Power Button: always reports core events
[    52.460] (**) Option "Device" "/dev/input/event1"
[    52.461] (II) event1  - Power Button: is tagged by udev as: Keyboard
[    52.461] (II) event1  - Power Button: device is a keyboard
[    52.461] (II) event1  - Power Button: device removed
[    52.462] (**) Option "config_info" "udev:/sys/devices/LNXSYSTM:00/LNXSYBUS:00/PNP0C0C:00/input/input1/event1"
[    52.462] (II) XINPUT: Adding extended input device "Power Button" (type: KEYBOARD, id 8)
[    52.462] (**) Option "xkb_layout" "us"
[    52.463] (II) event1  - Power Button: is tagged by udev as: Keyboard
[    52.463] (II) event1  - Power Button: device is a keyboard
[    52.464] (II) config/udev: Adding input device Lid Switch (/dev/input/event0)
[    52.464] (**) Lid Switch: Applying InputClass "devname"
[    52.464] (II) Using input driver 'libinput' for 'Lid Switch'
[    52.468] (II) systemd-logind: got fd for /dev/input/event0 13:64 fd 33 paused 0
[    52.468] (**) Lid Switch: always reports core events
[    52.468] (**) Option "Device" "/dev/input/event0"
[    52.470] (II) event0  - Lid Switch: is tagged by udev as: Switch
[    52.470] (II) event0  - Lid Switch: device is a switch device
[    52.470] (II) event0  - Lid Switch: device removed
[    52.470] (**) Option "config_info" "udev:/sys/devices/LNXSYSTM:00/LNXSYBUS:00/PNP0C0D:00/input/input0/event0"
[    52.470] (II) XINPUT: Adding extended input device "Lid Switch" (type: KEYBOARD, id 9)
[    52.471] (II) event0  - Lid Switch: is tagged by udev as: Switch
[    52.472] (II) event0  - Lid Switch: device is a switch device
[    52.473] (II) config/udev: Adding input device HDA Intel PCH Headset Mic (/dev/input/event13)
[    52.473] (**) HDA Intel PCH Headset Mic: Applying InputClass "devname"
[    52.473] (II) Using input driver 'libinput' for 'HDA Intel PCH Headset Mic'
[    52.476] (II) systemd-logind: got fd for /dev/input/event13 13:77 fd 34 paused 0
[    52.476] (**) HDA Intel PCH Headset Mic: always reports core events
[    52.476] (**) Option "Device" "/dev/input/event13"
[    52.478] (II) event13 - HDA Intel PCH Headset Mic: is tagged by udev as: Switch
[    52.478] (II) event13 - not using input device '/dev/input/event13'.
[    52.478] (EE) libinput: HDA Intel PCH Headset Mic: Failed to create a device for /dev/input/event13
[    52.478] (EE) PreInit returned 2 for "HDA Intel PCH Headset Mic"
[    52.478] (II) UnloadModule: "libinput"
[    52.478] (II) systemd-logind: releasing fd for 13:77
[    52.514] (II) config/udev: Adding input device HDA Intel PCH Headphone (/dev/input/event14)
[    52.514] (**) HDA Intel PCH Headphone: Applying InputClass "devname"
[    52.514] (II) Using input driver 'libinput' for 'HDA Intel PCH Headphone'
[    52.515] (II) systemd-logind: got fd for /dev/input/event14 13:78 fd 34 paused 0
[    52.515] (**) HDA Intel PCH Headphone: always reports core events
[    52.515] (**) Option "Device" "/dev/input/event14"
[    52.517] (II) event14 - HDA Intel PCH Headphone: is tagged by udev as: Switch
[    52.517] (II) event14 - not using input device '/dev/input/event14'.
[    52.517] (EE) libinput: HDA Intel PCH Headphone: Failed to create a device for /dev/input/event14
[    52.517] (EE) PreInit returned 2 for "HDA Intel PCH Headphone"
[    52.517] (II) UnloadModule: "libinput"
[    52.517] (II) systemd-logind: releasing fd for 13:78
[    52.554] (II) config/udev: Adding input device HDA Intel PCH HDMI/DP,pcm=3 (/dev/input/event15)
[    52.554] (**) HDA Intel PCH HDMI/DP,pcm=3: Applying InputClass "devname"
[    52.554] (II) Using input driver 'libinput' for 'HDA Intel PCH HDMI/DP,pcm=3'
[    52.555] (II) systemd-logind: got fd for /dev/input/event15 13:79 fd 34 paused 0
[    52.555] (**) HDA Intel PCH HDMI/DP,pcm=3: always reports core events
[    52.555] (**) Option "Device" "/dev/input/event15"
[    52.557] (II) event15 - HDA Intel PCH HDMI/DP,pcm=3: is tagged by udev as: Switch
[    52.557] (II) event15 - not using input device '/dev/input/event15'.
[    52.557] (EE) libinput: HDA Intel PCH HDMI/DP,pcm=3: Failed to create a device for /dev/input/event15
[    52.557] (EE) PreInit returned 2 for "HDA Intel PCH HDMI/DP,pcm=3"
[    52.557] (II) UnloadModule: "libinput"
[    52.557] (II) systemd-logind: releasing fd for 13:79
[    52.594] (II) config/udev: Adding input device HDA Intel PCH HDMI/DP,pcm=7 (/dev/input/event16)
[    52.594] (**) HDA Intel PCH HDMI/DP,pcm=7: Applying InputClass "devname"
[    52.594] (II) Using input driver 'libinput' for 'HDA Intel PCH HDMI/DP,pcm=7'
[    52.595] (II) systemd-logind: got fd for /dev/input/event16 13:80 fd 34 paused 0
[    52.595] (**) HDA Intel PCH HDMI/DP,pcm=7: always reports core events
[    52.595] (**) Option "Device" "/dev/input/event16"
[    52.597] (II) event16 - HDA Intel PCH HDMI/DP,pcm=7: is tagged by udev as: Switch
[    52.598] (II) event16 - not using input device '/dev/input/event16'.
[    52.598] (EE) libinput: HDA Intel PCH HDMI/DP,pcm=7: Failed to create a device for /dev/input/event16
[    52.598] (EE) PreInit returned 2 for "HDA Intel PCH HDMI/DP,pcm=7"
[    52.598] (II) UnloadModule: "libinput"
[    52.598] (II) systemd-logind: releasing fd for 13:80
[    52.634] (II) config/udev: Adding input device HDA Intel PCH HDMI/DP,pcm=8 (/dev/input/event17)
[    52.634] (**) HDA Intel PCH HDMI/DP,pcm=8: Applying InputClass "devname"
[    52.634] (II) Using input driver 'libinput' for 'HDA Intel PCH HDMI/DP,pcm=8'
[    52.635] (II) systemd-logind: got fd for /dev/input/event17 13:81 fd 34 paused 0
[    52.635] (**) HDA Intel PCH HDMI/DP,pcm=8: always reports core events
[    52.635] (**) Option "Device" "/dev/input/event17"
[    52.637] (II) event17 - HDA Intel PCH HDMI/DP,pcm=8: is tagged by udev as: Switch
[    52.637] (II) event17 - not using input device '/dev/input/event17'.
[    52.637] (EE) libinput: HDA Intel PCH HDMI/DP,pcm=8: Failed to create a device for /dev/input/event17
[    52.637] (EE) PreInit returned 2 for "HDA Intel PCH HDMI/DP,pcm=8"
[    52.637] (II) UnloadModule: "libinput"
[    52.637] (II) systemd-logind: releasing fd for 13:81
[    52.665] (II) config/udev: Adding input device Usb KeyBoard Usb KeyBoard (/dev/input/event4)
[    52.665] (**) Usb KeyBoard Usb KeyBoard: Applying InputClass "devname"
[    52.665] (**) Usb KeyBoard Usb KeyBoard: Applying InputClass "libinput keyboard catchall"
[    52.665] (**) Usb KeyBoard Usb KeyBoard: Applying InputClass "system-keyboard"
[    52.665] (II) Using input driver 'libinput' for 'Usb KeyBoard Usb KeyBoard'
[    52.666] (II) systemd-logind: got fd for /dev/input/event4 13:68 fd 34 paused 0
[    52.666] (**) Usb KeyBoard Usb KeyBoard: always reports core events
[    52.666] (**) Option "Device" "/dev/input/event4"
[    52.668] (II) event4  - Usb KeyBoard Usb KeyBoard: is tagged by udev as: Keyboard
[    52.669] (II) event4  - Usb KeyBoard Usb KeyBoard: device is a keyboard
[    52.669] (II) event4  - Usb KeyBoard Usb KeyBoard: device removed
[    52.669] (**) Option "config_info" "udev:/sys/devices/pci0000:00/0000:00:15.0/usb1/1-2/1-2:1.0/0003:C0F4:04F5.0001/input/input4/event4"
[    52.669] (II) XINPUT: Adding extended input device "Usb KeyBoard Usb KeyBoard" (type: KEYBOARD, id 10)
[    52.669] (**) Option "xkb_layout" "us"
[    52.672] (II) event4  - Usb KeyBoard Usb KeyBoard: is tagged by udev as: Keyboard
[    52.672] (II) event4  - Usb KeyBoard Usb KeyBoard: device is a keyboard
[    52.675] (II) config/udev: Adding input device Usb KeyBoard Usb KeyBoard Consumer Control (/dev/input/event6)
[    52.675] (**) Usb KeyBoard Usb KeyBoard Consumer Control: Applying InputClass "devname"
[    52.675] (**) Usb KeyBoard Usb KeyBoard Consumer Control: Applying InputClass "libinput keyboard catchall"
[    52.675] (**) Usb KeyBoard Usb KeyBoard Consumer Control: Applying InputClass "system-keyboard"
[    52.675] (II) Using input driver 'libinput' for 'Usb KeyBoard Usb KeyBoard Consumer Control'
[    52.677] (II) systemd-logind: got fd for /dev/input/event6 13:70 fd 35 paused 0
[    52.677] (**) Usb KeyBoard Usb KeyBoard Consumer Control: always reports core events
[    52.678] (**) Option "Device" "/dev/input/event6"
[    52.682] (II) event6  - Usb KeyBoard Usb KeyBoard Consumer Control: is tagged by udev as: Keyboard
[    52.683] (II) event6  - Usb KeyBoard Usb KeyBoard Consumer Control: device is a keyboard
[    52.683] (II) event6  - Usb KeyBoard Usb KeyBoard Consumer Control: device removed
[    52.684] (II) libinput: Usb KeyBoard Usb KeyBoard Consumer Control: needs a virtual subdevice
[    52.684] (**) Option "config_info" "udev:/sys/devices/pci0000:00/0000:00:15.0/usb1/1-2/1-2:1.1/0003:C0F4:04F5.0002/input/input6/event6"
[    52.684] (II) XINPUT: Adding extended input device "Usb KeyBoard Usb KeyBoard Consumer Control" (type: MOUSE, id 11)
[    52.684] (**) Option "AccelerationScheme" "none"
[    52.684] (**) Usb KeyBoard Usb KeyBoard Consumer Control: (accel) selected scheme none/0
[    52.684] (**) Usb KeyBoard Usb KeyBoard Consumer Control: (accel) acceleration factor: 2.000
[    52.684] (**) Usb KeyBoard Usb KeyBoard Consumer Control: (accel) acceleration threshold: 4
[    52.686] (II) event6  - Usb KeyBoard Usb KeyBoard Consumer Control: is tagged by udev as: Keyboard
[    52.687] (II) event6  - Usb KeyBoard Usb KeyBoard Consumer Control: device is a keyboard
[    52.688] (II) config/udev: Adding input device Usb KeyBoard Usb KeyBoard System Control (/dev/input/event7)
[    52.689] (**) Usb KeyBoard Usb KeyBoard System Control: Applying InputClass "devname"
[    52.689] (**) Usb KeyBoard Usb KeyBoard System Control: Applying InputClass "libinput keyboard catchall"
[    52.689] (**) Usb KeyBoard Usb KeyBoard System Control: Applying InputClass "system-keyboard"
[    52.689] (II) Using input driver 'libinput' for 'Usb KeyBoard Usb KeyBoard System Control'
[    52.690] (II) systemd-logind: got fd for /dev/input/event7 13:71 fd 36 paused 0
[    52.690] (**) Usb KeyBoard Usb KeyBoard System Control: always reports core events
[    52.690] (**) Option "Device" "/dev/input/event7"
[    52.692] (II) event7  - Usb KeyBoard Usb KeyBoard System Control: is tagged by udev as: Keyboard
[    52.693] (II) event7  - Usb KeyBoard Usb KeyBoard System Control: device is a keyboard
[    52.693] (II) event7  - Usb KeyBoard Usb KeyBoard System Control: device removed
[    52.693] (**) Option "config_info" "udev:/sys/devices/pci0000:00/0000:00:15.0/usb1/1-2/1-2:1.1/0003:C0F4:04F5.0002/input/input7/event7"
[    52.693] (II) XINPUT: Adding extended input device "Usb KeyBoard Usb KeyBoard System Control" (type: KEYBOARD, id 12)
[    52.693] (**) Option "xkb_layout" "us"
[    52.696] (II) event7  - Usb KeyBoard Usb KeyBoard System Control: is tagged by udev as: Keyboard
[    52.697] (II) event7  - Usb KeyBoard Usb KeyBoard System Control: device is a keyboard
[    52.698] (II) config/udev: Adding input device YSPRINGTECH USB OPTICAL MOUSE (/dev/input/event8)
[    52.699] (**) YSPRINGTECH USB OPTICAL MOUSE: Applying InputClass "devname"
[    52.699] (**) YSPRINGTECH USB OPTICAL MOUSE: Applying InputClass "libinput pointer catchall"
[    52.699] (II) Using input driver 'libinput' for 'YSPRINGTECH USB OPTICAL MOUSE'
[    52.756] (II) systemd-logind: got fd for /dev/input/event8 13:72 fd 37 paused 0
[    52.756] (**) YSPRINGTECH USB OPTICAL MOUSE: always reports core events
[    52.756] (**) Option "Device" "/dev/input/event8"
[    52.759] (II) event8  - YSPRINGTECH USB OPTICAL MOUSE: is tagged by udev as: Mouse
[    52.760] (II) event8  - YSPRINGTECH USB OPTICAL MOUSE: device is a pointer
[    52.760] (II) event8  - YSPRINGTECH USB OPTICAL MOUSE: device removed
[    52.760] (II) libinput: YSPRINGTECH USB OPTICAL MOUSE: Step value 0 was provided, libinput Fallback acceleration function is used.
[    52.760] (II) libinput: YSPRINGTECH USB OPTICAL MOUSE: Step value 0 was provided, libinput Fallback acceleration function is used.
[    52.760] (II) libinput: YSPRINGTECH USB OPTICAL MOUSE: Step value 0 was provided, libinput Fallback acceleration function is used.
[    52.760] (**) Option "config_info" "udev:/sys/devices/pci0000:00/0000:00:15.0/usb1/1-4/1-4:1.0/0003:10C4:8108.0003/input/input8/event8"
[    52.760] (II) XINPUT: Adding extended input device "YSPRINGTECH USB OPTICAL MOUSE" (type: MOUSE, id 13)
[    52.760] (**) Option "AccelerationScheme" "none"
[    52.760] (**) YSPRINGTECH USB OPTICAL MOUSE: (accel) selected scheme none/0
[    52.761] (**) YSPRINGTECH USB OPTICAL MOUSE: (accel) acceleration factor: 2.000
[    52.761] (**) YSPRINGTECH USB OPTICAL MOUSE: (accel) acceleration threshold: 4
[    52.764] (II) event8  - YSPRINGTECH USB OPTICAL MOUSE: is tagged by udev as: Mouse
[    52.764] (II) event8  - YSPRINGTECH USB OPTICAL MOUSE: device is a pointer
[    52.766] (II) config/udev: Adding input device YSPRINGTECH USB OPTICAL MOUSE (/dev/input/mouse0)
[    52.766] (**) YSPRINGTECH USB OPTICAL MOUSE: Applying InputClass "devname"
[    52.766] (II) Using input driver 'libinput' for 'YSPRINGTECH USB OPTICAL MOUSE'
[    52.766] (**) YSPRINGTECH USB OPTICAL MOUSE: always reports core events
[    52.766] (**) Option "Device" "/dev/input/mouse0"
[    52.767] (EE) xf86OpenSerial: Cannot open device /dev/input/mouse0
	Permission denied.
[    52.767] (II) mouse0: opening input device '/dev/input/mouse0' failed (Permission denied).
[    52.767] (II) mouse0  - failed to create input device '/dev/input/mouse0'.
[    52.767] (EE) libinput: YSPRINGTECH USB OPTICAL MOUSE: Failed to create a device for /dev/input/mouse0
[    52.767] (EE) PreInit returned 2 for "YSPRINGTECH USB OPTICAL MOUSE"
[    52.767] (II) UnloadModule: "libinput"
[    52.768] (II) config/udev: Adding input device MSFT0001:01 04F3:3140 Mouse (/dev/input/event10)
[    52.768] (**) MSFT0001:01 04F3:3140 Mouse: Applying InputClass "devname"
[    52.768] (**) MSFT0001:01 04F3:3140 Mouse: Applying InputClass "libinput pointer catchall"
[    52.768] (II) Using input driver 'libinput' for 'MSFT0001:01 04F3:3140 Mouse'
[    52.773] (II) systemd-logind: got fd for /dev/input/event10 13:74 fd 38 paused 0
[    52.773] (**) MSFT0001:01 04F3:3140 Mouse: always reports core events
[    52.773] (**) Option "Device" "/dev/input/event10"
[    52.775] (II) event10 - MSFT0001:01 04F3:3140 Mouse: is tagged by udev as: Mouse Pointingstick
[    52.776] (II) event10 - MSFT0001:01 04F3:3140 Mouse: device is a pointer
[    52.778] (II) event10 - MSFT0001:01 04F3:3140 Mouse: device removed
[    52.778] (II) libinput: MSFT0001:01 04F3:3140 Mouse: Step value 0 was provided, libinput Fallback acceleration function is used.
[    52.778] (II) libinput: MSFT0001:01 04F3:3140 Mouse: Step value 0 was provided, libinput Fallback acceleration function is used.
[    52.778] (II) libinput: MSFT0001:01 04F3:3140 Mouse: Step value 0 was provided, libinput Fallback acceleration function is used.
[    52.778] (**) Option "config_info" "udev:/sys/devices/pci0000:00/0000:00:17.3/i2c_designware.1/i2c-2/i2c-MSFT0001:01/0018:04F3:3140.0004/input/input12/event10"
[    52.778] (II) XINPUT: Adding extended input device "MSFT0001:01 04F3:3140 Mouse" (type: MOUSE, id 14)
[    52.779] (**) Option "AccelerationScheme" "none"
[    52.779] (**) MSFT0001:01 04F3:3140 Mouse: (accel) selected scheme none/0
[    52.779] (**) MSFT0001:01 04F3:3140 Mouse: (accel) acceleration factor: 2.000
[    52.779] (**) MSFT0001:01 04F3:3140 Mouse: (accel) acceleration threshold: 4
[    52.781] (II) event10 - MSFT0001:01 04F3:3140 Mouse: is tagged by udev as: Mouse Pointingstick
[    52.782] (II) event10 - MSFT0001:01 04F3:3140 Mouse: device is a pointer
[    52.785] (II) config/udev: Adding input device MSFT0001:01 04F3:3140 Mouse (/dev/input/mouse1)
[    52.785] (**) MSFT0001:01 04F3:3140 Mouse: Applying InputClass "devname"
[    52.785] (II) Using input driver 'libinput' for 'MSFT0001:01 04F3:3140 Mouse'
[    52.785] (**) MSFT0001:01 04F3:3140 Mouse: always reports core events
[    52.785] (**) Option "Device" "/dev/input/mouse1"
[    52.785] (EE) xf86OpenSerial: Cannot open device /dev/input/mouse1
	Permission denied.
[    52.785] (II) mouse1: opening input device '/dev/input/mouse1' failed (Permission denied).
[    52.785] (II) mouse1  - failed to create input device '/dev/input/mouse1'.
[    52.785] (EE) libinput: MSFT0001:01 04F3:3140 Mouse: Failed to create a device for /dev/input/mouse1
[    52.785] (EE) PreInit returned 2 for "MSFT0001:01 04F3:3140 Mouse"
[    52.785] (II) UnloadModule: "libinput"
[    52.786] (II) config/udev: Adding input device MSFT0001:01 04F3:3140 Touchpad (/dev/input/event11)
[    52.786] (**) MSFT0001:01 04F3:3140 Touchpad: Applying InputClass "devname"
[    52.786] (**) MSFT0001:01 04F3:3140 Touchpad: Applying InputClass "libinput touchpad catchall"
[    52.786] (II) Using input driver 'libinput' for 'MSFT0001:01 04F3:3140 Touchpad'
[    52.787] (II) systemd-logind: got fd for /dev/input/event11 13:75 fd 39 paused 0
[    52.787] (**) MSFT0001:01 04F3:3140 Touchpad: always reports core events
[    52.787] (**) Option "Device" "/dev/input/event11"
[    52.791] (II) event11 - MSFT0001:01 04F3:3140 Touchpad: is tagged by udev as: Touchpad
[    52.795] (II) event11 - MSFT0001:01 04F3:3140 Touchpad: device is a touchpad
[    52.796] (II) event11 - MSFT0001:01 04F3:3140 Touchpad: device removed
[    52.796] (**) Option "Tapping" "on"
[    52.796] (II) libinput: MSFT0001:01 04F3:3140 Touchpad: Step value 0 was provided, libinput Fallback acceleration function is used.
[    52.796] (II) libinput: MSFT0001:01 04F3:3140 Touchpad: Step value 0 was provided, libinput Fallback acceleration function is used.
[    52.796] (II) libinput: MSFT0001:01 04F3:3140 Touchpad: Step value 0 was provided, libinput Fallback acceleration function is used.
[    52.797] (**) Option "config_info" "udev:/sys/devices/pci0000:00/0000:00:17.3/i2c_designware.1/i2c-2/i2c-MSFT0001:01/0018:04F3:3140.0004/input/input13/event11"
[    52.797] (II) XINPUT: Adding extended input device "MSFT0001:01 04F3:3140 Touchpad" (type: TOUCHPAD, id 15)
[    52.801] (**) Option "AccelerationScheme" "none"
[    52.801] (**) MSFT0001:01 04F3:3140 Touchpad: (accel) selected scheme none/0
[    52.801] (**) MSFT0001:01 04F3:3140 Touchpad: (accel) acceleration factor: 2.000
[    52.801] (**) MSFT0001:01 04F3:3140 Touchpad: (accel) acceleration threshold: 4
[    52.803] (II) event11 - MSFT0001:01 04F3:3140 Touchpad: is tagged by udev as: Touchpad
[    52.806] (II) event11 - MSFT0001:01 04F3:3140 Touchpad: device is a touchpad
[    52.808] (II) config/udev: Adding input device MSFT0001:01 04F3:3140 Touchpad (/dev/input/mouse2)
[    52.808] (**) MSFT0001:01 04F3:3140 Touchpad: Applying InputClass "devname"
[    52.808] (II) Using input driver 'libinput' for 'MSFT0001:01 04F3:3140 Touchpad'
[    52.808] (**) MSFT0001:01 04F3:3140 Touchpad: always reports core events
[    52.808] (**) Option "Device" "/dev/input/mouse2"
[    52.808] (EE) xf86OpenSerial: Cannot open device /dev/input/mouse2
	Permission denied.
[    52.809] (II) mouse2: opening input device '/dev/input/mouse2' failed (Permission denied).
[    52.809] (II) mouse2  - failed to create input device '/dev/input/mouse2'.
[    52.809] (EE) libinput: MSFT0001:01 04F3:3140 Touchpad: Failed to create a device for /dev/input/mouse2
[    52.809] (EE) PreInit returned 2 for "MSFT0001:01 04F3:3140 Touchpad"
[    52.809] (II) UnloadModule: "libinput"
[    52.809] (II) config/udev: Adding input device Ideapad extra buttons (/dev/input/event9)
[    52.809] (**) Ideapad extra buttons: Applying InputClass "devname"
[    52.809] (**) Ideapad extra buttons: Applying InputClass "libinput keyboard catchall"
[    52.809] (**) Ideapad extra buttons: Applying InputClass "system-keyboard"
[    52.810] (II) Using input driver 'libinput' for 'Ideapad extra buttons'
[    52.811] (II) systemd-logind: got fd for /dev/input/event9 13:73 fd 40 paused 0
[    52.811] (**) Ideapad extra buttons: always reports core events
[    52.811] (**) Option "Device" "/dev/input/event9"
[    52.814] (II) event9  - Ideapad extra buttons: is tagged by udev as: Keyboard
[    52.814] (II) event9  - Ideapad extra buttons: device is a keyboard
[    52.814] (II) event9  - Ideapad extra buttons: device removed
[    52.814] (**) Option "config_info" "udev:/sys/devices/pci0000:00/0000:00:1f.0/PNP0C09:00/VPC2004:00/input/input9/event9"
[    52.814] (II) XINPUT: Adding extended input device "Ideapad extra buttons" (type: KEYBOARD, id 16)
[    52.814] (**) Option "xkb_layout" "us"
[    52.817] (II) event9  - Ideapad extra buttons: is tagged by udev as: Keyboard
[    52.817] (II) event9  - Ideapad extra buttons: device is a keyboard
[    52.819] (II) config/udev: Adding input device AT Translated Set 2 keyboard (/dev/input/event3)
[    52.819] (**) AT Translated Set 2 keyboard: Applying InputClass "devname"
[    52.819] (**) AT Translated Set 2 keyboard: Applying InputClass "libinput keyboard catchall"
[    52.819] (**) AT Translated Set 2 keyboard: Applying InputClass "system-keyboard"
[    52.819] (II) Using input driver 'libinput' for 'AT Translated Set 2 keyboard'
[    52.822] (II) systemd-logind: got fd for /dev/input/event3 13:67 fd 41 paused 0
[    52.822] (**) AT Translated Set 2 keyboard: always reports core events
[    52.822] (**) Option "Device" "/dev/input/event3"
[    52.824] (II) event3  - AT Translated Set 2 keyboard: is tagged by udev as: Keyboard
[    52.824] (II) event3  - AT Translated Set 2 keyboard: device is a keyboard
[    52.827] (II) event3  - AT Translated Set 2 keyboard: device removed
[    52.827] (**) Option "config_info" "udev:/sys/devices/platform/i8042/serio0/input/input3/event3"
[    52.827] (II) XINPUT: Adding extended input device "AT Translated Set 2 keyboard" (type: KEYBOARD, id 17)
[    52.827] (**) Option "xkb_layout" "us"
[    52.829] (II) event3  - AT Translated Set 2 keyboard: is tagged by udev as: Keyboard
[    52.830] (II) event3  - AT Translated Set 2 keyboard: device is a keyboard
[    52.834] (II) config/udev: Adding input device PC Speaker (/dev/input/event5)
[    52.834] (**) PC Speaker: Applying InputClass "devname"
[    52.834] (II) Using input driver 'libinput' for 'PC Speaker'
[    52.835] (II) systemd-logind: got fd for /dev/input/event5 13:69 fd 42 paused 0
[    52.835] (**) PC Speaker: always reports core events
[    52.835] (**) Option "Device" "/dev/input/event5"
[    52.837] (II) event5  - PC Speaker: not tagged as supported input device
[    52.837] (II) event5  - not using input device '/dev/input/event5'.
[    52.837] (EE) libinput: PC Speaker: Failed to create a device for /dev/input/event5
[    52.837] (EE) PreInit returned 2 for "PC Speaker"
[    52.837] (II) UnloadModule: "libinput"
[    52.837] (II) systemd-logind: releasing fd for 13:69
[    52.882] (**) Usb KeyBoard Usb KeyBoard Consumer Control: Applying InputClass "devname"
[    52.882] (**) Usb KeyBoard Usb KeyBoard Consumer Control: Applying InputClass "libinput keyboard catchall"
[    52.882] (**) Usb KeyBoard Usb KeyBoard Consumer Control: Applying InputClass "system-keyboard"
[    52.882] (II) Using input driver 'libinput' for 'Usb KeyBoard Usb KeyBoard Consumer Control'
[    52.882] (II) systemd-logind: returning pre-existing fd for /dev/input/event6 13:70
[    52.882] (**) Usb KeyBoard Usb KeyBoard Consumer Control: always reports core events
[    52.882] (**) Option "Device" "/dev/input/event6"
[    52.883] (II) libinput: Usb KeyBoard Usb KeyBoard Consumer Control: is a virtual subdevice
[    52.883] (**) Option "config_info" "udev:/sys/devices/pci0000:00/0000:00:15.0/usb1/1-2/1-2:1.1/0003:C0F4:04F5.0002/input/input6/event6"
[    52.883] (II) XINPUT: Adding extended input device "Usb KeyBoard Usb KeyBoard Consumer Control" (type: KEYBOARD, id 18)
[    52.883] (**) Option "xkb_layout" "us"
[    53.784] (II) modeset(0): Allocate new frame buffer 1920x1080 stride
