2023-05-30 12:33:48.069 [info] Extension host with pid 2996 started
2023-05-30 12:33:48.741 [info] ExtensionService#_doActivateExtension vscode.git-base, startup: true, activationEvent: '*', root cause: vscode.git
2023-05-30 12:33:48.835 [info] ExtensionService#_doActivateExtension vscode.git, startup: true, activationEvent: '*'
2023-05-30 12:33:49.204 [info] ExtensionService#_doActivateExtension vscode.github, startup: true, activationEvent: '*'
2023-05-30 12:33:49.411 [info] Eager extensions activated
2023-05-30 12:33:49.819 [info] ExtensionService#_doActivateExtension vscode.debug-auto-launch, startup: false, activationEvent: 'onStartupFinished'
2023-05-30 12:33:49.824 [info] ExtensionService#_doActivateExtension vscode.merge-conflict, startup: false, activationEvent: 'onStartupFinished'
2023-05-30 12:33:57.599 [info] Extension host terminating: renderer closed the MessagePort
2023-05-30 12:33:57.619 [info] Extension host with pid 2996 exiting with code 0
2023-05-30 12:34:00.150 [info] Extension host with pid 3110 started
2023-05-30 12:34:00.150 [info] Skipping acquiring lock for /home/darkxx/.config/Code - OSS/User/workspaceStorage/9e07fe810b105ea90e750d2257387a73.
2023-05-30 12:34:00.310 [info] ExtensionService#_doActivateExtension vscode.git-base, startup: true, activationEvent: '*'
2023-05-30 12:34:00.338 [info] ExtensionService#_doActivateExtension vscode.github, startup: true, activationEvent: '*'
2023-05-30 12:34:00.385 [info] Eager extensions activated
2023-05-30 12:34:00.398 [info] ExtensionService#_doActivateExtension vscode.debug-auto-launch, startup: false, activationEvent: 'onStartupFinished'
2023-05-30 12:34:00.406 [info] ExtensionService#_doActivateExtension vscode.merge-conflict, startup: false, activationEvent: 'onStartupFinished'
2023-05-30 12:34:12.261 [info] ExtensionService#_doActivateExtension vscode.git, startup: false, activationEvent: 'api', root cause: vscode.github
2023-05-30 12:34:14.781 [info] ExtensionService#_doActivateExtension vscode.html-language-features, startup: false, activationEvent: 'onLanguage:html'
2023-05-30 12:34:14.943 [info] ExtensionService#_doActivateExtension vscode.emmet, startup: false, activationEvent: 'onLanguage'
2023-05-30 12:34:26.881 [info] ExtensionService#_doActivateExtension anilkumarum.live-preview-server, startup: false, activationEvent: 'onLanguage:html'
2023-05-30 12:34:45.224 [error] TypeError: Cannot read properties of undefined (reading 'length')
	at b.skipTillSequence (/home/darkxx/.vscode-oss/extensions/anilkumarum.live-preview-server-0.0.8-universal/preview-server/build/index-88437cbf.js:1:1514)
	at b.stateBeforeTagName (/home/darkxx/.vscode-oss/extensions/anilkumarum.live-preview-server-0.0.8-universal/preview-server/build/index-88437cbf.js:1:4177)
	at b.consume (/home/darkxx/.vscode-oss/extensions/anilkumarum.live-preview-server-0.0.8-universal/preview-server/build/index-88437cbf.js:1:5051)
	at C.parse (/home/darkxx/.vscode-oss/extensions/anilkumarum.live-preview-server-0.0.8-universal/preview-server/build/index-88437cbf.js:1:5685)
	at new O (/home/darkxx/.vscode-oss/extensions/anilkumarum.live-preview-server-0.0.8-universal/preview-server/build/index-88437cbf.js:1:8784)
	at new exports.HtmlRefresher (/home/darkxx/.vscode-oss/extensions/anilkumarum.live-preview-server-0.0.8-universal/preview-server/build/index-88437cbf.js:1:10487)
	at exports.PreviewServer.parseLiveRefresher (/home/darkxx/.vscode-oss/extensions/anilkumarum.live-preview-server-0.0.8-universal/preview-server/build/server.js:1:12011)
	at u (/home/darkxx/.vscode-oss/extensions/anilkumarum.live-preview-server-0.0.8-universal/vscode-live-preview/out/extension.js:29:6545)
	at async /home/darkxx/.vscode-oss/extensions/anilkumarum.live-preview-server-0.0.8-universal/vscode-live-preview/out/extension.js:29:5447
	at async e.ExtHostCommands.h (/usr/lib/code/out/vs/workbench/api/node/extensionHostProcess.js:98:125307)
2023-05-30 12:34:45.586 [error] TypeError: Cannot read properties of undefined (reading 'end')
	at Server.<anonymous> (/home/darkxx/.vscode-oss/extensions/anilkumarum.live-preview-server-0.0.8-universal/preview-server/build/server.js:1:10273)
	at Object.onceWrapper (node:events:627:28)
	at Server.emit (node:events:513:28)
	at emitCloseNT (node:net:1820:8)
	at process.processTicksAndRejections (node:internal/process/task_queues:82:21)
2023-05-30 12:34:48.032 [error] TypeError: Cannot read properties of undefined (reading 'length')
	at b.skipTillSequence (/home/darkxx/.vscode-oss/extensions/anilkumarum.live-preview-server-0.0.8-universal/preview-server/build/index-88437cbf.js:1:1514)
	at b.stateBeforeTagName (/home/darkxx/.vscode-oss/extensions/anilkumarum.live-preview-server-0.0.8-universal/preview-server/build/index-88437cbf.js:1:4177)
	at b.consume (/home/darkxx/.vscode-oss/extensions/anilkumarum.live-preview-server-0.0.8-universal/preview-server/build/index-88437cbf.js:1:5051)
	at C.parse (/home/darkxx/.vscode-oss/extensions/anilkumarum.live-preview-server-0.0.8-universal/preview-server/build/index-88437cbf.js:1:5685)
	at new O (/home/darkxx/.vscode-oss/extensions/anilkumarum.live-preview-server-0.0.8-universal/preview-server/build/index-88437cbf.js:1:8784)
	at new exports.HtmlRefresher (/home/darkxx/.vscode-oss/extensions/anilkumarum.live-preview-server-0.0.8-universal/preview-server/build/index-88437cbf.js:1:10487)
	at exports.PreviewServer.parseLiveRefresher (/home/darkxx/.vscode-oss/extensions/anilkumarum.live-preview-server-0.0.8-universal/preview-server/build/server.js:1:12011)
	at u (/home/darkxx/.vscode-oss/extensions/anilkumarum.live-preview-server-0.0.8-universal/vscode-live-preview/out/extension.js:29:6545)
	at async /home/darkxx/.vscode-oss/extensions/anilkumarum.live-preview-server-0.0.8-universal/vscode-live-preview/out/extension.js:29:5331
	at async e.ExtHostCommands.h (/usr/lib/code/out/vs/workbench/api/node/extensionHostProcess.js:98:125307)
2023-05-30 12:34:53.873 [info] ExtensionService#_doActivateExtension yandeu.five-server, startup: false, activationEvent: 'onStartupFinished'
2023-05-30 12:35:26.985 [info] ExtensionService#_doActivateExtension vscode.css-language-features, startup: false, activationEvent: 'onLanguage:css'
2023-05-30 12:35:48.900 [error] TypeError: Cannot read properties of undefined (reading 'length')
	at b.skipTillSequence (/home/darkxx/.vscode-oss/extensions/anilkumarum.live-preview-server-0.0.8-universal/preview-server/build/index-88437cbf.js:1:1514)
	at b.stateBeforeTagName (/home/darkxx/.vscode-oss/extensions/anilkumarum.live-preview-server-0.0.8-universal/preview-server/build/index-88437cbf.js:1:4177)
	at b.consume (/home/darkxx/.vscode-oss/extensions/anilkumarum.live-preview-server-0.0.8-universal/preview-server/build/index-88437cbf.js:1:5051)
	at C.parse (/home/darkxx/.vscode-oss/extensions/anilkumarum.live-preview-server-0.0.8-universal/preview-server/build/index-88437cbf.js:1:5685)
	at new O (/home/darkxx/.vscode-oss/extensions/anilkumarum.live-preview-server-0.0.8-universal/preview-server/build/index-88437cbf.js:1:8784)
	at new exports.HtmlRefresher (/home/darkxx/.vscode-oss/extensions/anilkumarum.live-preview-server-0.0.8-universal/preview-server/build/index-88437cbf.js:1:10487)
	at exports.PreviewServer.parseLiveRefresher (/home/darkxx/.vscode-oss/extensions/anilkumarum.live-preview-server-0.0.8-universal/preview-server/build/server.js:1:12011)
	at /home/darkxx/.vscode-oss/extensions/anilkumarum.live-preview-server-0.0.8-universal/vscode-live-preview/out/extension.js:29:6932
	at v.invoke (/usr/lib/code/out/vs/workbench/api/node/extensionHostProcess.js:63:145)
	at h.deliver (/usr/lib/code/out/vs/workbench/api/node/extensionHostProcess.js:63:2121)
	at i.fire (/usr/lib/code/out/vs/workbench/api/node/extensionHostProcess.js:63:1729)
	at /usr/lib/code/out/vs/workbench/api/node/extensionHostProcess.js:102:16108
	at v.invoke (/usr/lib/code/out/vs/workbench/api/node/extensionHostProcess.js:63:145)
	at h.deliver (/usr/lib/code/out/vs/workbench/api/node/extensionHostProcess.js:63:2121)
	at i.fire (/usr/lib/code/out/vs/workbench/api/node/extensionHostProcess.js:63:1729)
	at e.ExtHostDocumentsAndEditors.acceptDocumentsAndEditorsDelta (/usr/lib/code/out/vs/workbench/api/node/extensionHostProcess.js:100:14001)
	at e.ExtHostDocumentsAndEditors.$acceptDocumentsAndEditorsDelta (/usr/lib/code/out/vs/workbench/api/node/extensionHostProcess.js:100:12316)
	at a.N (/usr/lib/code/out/vs/workbench/api/node/extensionHostProcess.js:110:11620)
	at a.M (/usr/lib/code/out/vs/workbench/api/node/extensionHostProcess.js:110:11338)
	at a.H (/usr/lib/code/out/vs/workbench/api/node/extensionHostProcess.js:110:10431)
	at a.G (/usr/lib/code/out/vs/workbench/api/node/extensionHostProcess.js:110:9412)
	at /usr/lib/code/out/vs/workbench/api/node/extensionHostProcess.js:110:8200
	at v.invoke (/usr/lib/code/out/vs/workbench/api/node/extensionHostProcess.js:63:145)
	at h.deliver (/usr/lib/code/out/vs/workbench/api/node/extensionHostProcess.js:63:2121)
	at i.fire (/usr/lib/code/out/vs/workbench/api/node/extensionHostProcess.js:63:1729)
	at g.fire (/usr/lib/code/out/vs/workbench/api/node/extensionHostProcess.js:72:14852)
	at /usr/lib/code/out/vs/workbench/api/node/extensionHostProcess.js:126:32403
	at v.invoke (/usr/lib/code/out/vs/workbench/api/node/extensionHostProcess.js:63:145)
	at h.deliver (/usr/lib/code/out/vs/workbench/api/node/extensionHostProcess.js:63:2121)
	at i.fire (/usr/lib/code/out/vs/workbench/api/node/extensionHostProcess.js:63:1729)
	at g.fire (/usr/lib/code/out/vs/workbench/api/node/extensionHostProcess.js:72:14852)
	at MessagePortMain.<anonymous> (/usr/lib/code/out/vs/workbench/api/node/extensionHostProcess.js:126:30529)
	at MessagePortMain.emit (node:events:513:28)
	at MessagePortMain._internalPort.emit (node:electron/js2c/utility_init:2:367)
2023-05-30 12:35:48.906 [error] TypeError: Cannot read properties of undefined (reading 'length')
	at b.skipTillSequence (/home/darkxx/.vscode-oss/extensions/anilkumarum.live-preview-server-0.0.8-universal/preview-server/build/index-88437cbf.js:1:1514)
	at b.stateBeforeTagName (/home/darkxx/.vscode-oss/extensions/anilkumarum.live-preview-server-0.0.8-universal/preview-server/build/index-88437cbf.js:1:4177)
	at b.consume (/home/darkxx/.vscode-oss/extensions/anilkumarum.live-preview-server-0.0.8-universal/preview-server/build/index-88437cbf.js:1:5051)
	at C.parse (/home/darkxx/.vscode-oss/extensions/anilkumarum.live-preview-server-0.0.8-universal/preview-server/build/index-88437cbf.js:1:5685)
	at new O (/home/darkxx/.vscode-oss/extensions/anilkumarum.live-preview-server-0.0.8-universal/preview-server/build/index-88437cbf.js:1:8784)
	at new exports.HtmlRefresher (/home/darkxx/.vscode-oss/extensions/anilkumarum.live-preview-server-0.0.8-universal/preview-server/build/index-88437cbf.js:1:10487)
	at exports.PreviewServer.parseLiveRefresher (/home/darkxx/.vscode-oss/extensions/anilkumarum.live-preview-server-0.0.8-universal/preview-server/build/server.js:1:12011)
	at /home/darkxx/.vscode-oss/extensions/anilkumarum.live-preview-server-0.0.8-universal/vscode-live-preview/out/extension.js:29:6932
	at v.invoke (/usr/lib/code/out/vs/workbench/api/node/extensionHostProcess.js:63:145)
	at h.deliver (/usr/lib/code/out/vs/workbench/api/node/extensionHostProcess.js:63:2121)
	at i.fire (/usr/lib/code/out/vs/workbench/api/node/extensionHostProcess.js:63:1729)
	at /usr/lib/code/out/vs/workbench/api/node/extensionHostProcess.js:102:16108
	at v.invoke (/usr/lib/code/out/vs/workbench/api/node/extensionHostProcess.js:63:145)
	at h.deliver (/usr/lib/code/out/vs/workbench/api/node/extensionHostProcess.js:63:2121)
	at i.fire (/usr/lib/code/out/vs/workbench/api/node/extensionHostProcess.js:63:1729)
	at e.ExtHostDocumentsAndEditors.acceptDocumentsAndEditorsDelta (/usr/lib/code/out/vs/workbench/api/node/extensionHostProcess.js:100:14001)
	at e.ExtHostDocumentsAndEditors.$acceptDocumentsAndEditorsDelta (/usr/lib/code/out/vs/workbench/api/node/extensionHostProcess.js:100:12316)
	at a.N (/usr/lib/code/out/vs/workbench/api/node/extensionHostProcess.js:110:11620)
	at a.M (/usr/lib/code/out/vs/workbench/api/node/extensionHostProcess.js:110:11338)
	at a.H (/usr/lib/code/out/vs/workbench/api/node/extensionHostProcess.js:110:10431)
	at a.G (/usr/lib/code/out/vs/workbench/api/node/extensionHostProcess.js:110:9412)
	at /usr/lib/code/out/vs/workbench/api/node/extensionHostProcess.js:110:8200
	at v.invoke (/usr/lib/code/out/vs/workbench/api/node/extensionHostProcess.js:63:145)
	at h.deliver (/usr/lib/code/out/vs/workbench/api/node/extensionHostProcess.js:63:2121)
	at i.fire (/usr/lib/code/out/vs/workbench/api/node/extensionHostProcess.js:63:1729)
	at g.fire (/usr/lib/code/out/vs/workbench/api/node/extensionHostProcess.js:72:14852)
	at /usr/lib/code/out/vs/workbench/api/node/extensionHostProcess.js:126:32403
	at v.invoke (/usr/lib/code/out/vs/workbench/api/node/extensionHostProcess.js:63:145)
	at h.deliver (/usr/lib/code/out/vs/workbench/api/node/extensionHostProcess.js:63:2121)
	at i.fire (/usr/lib/code/out/vs/workbench/api/node/extensionHostProcess.js:63:1729)
	at g.fire (/usr/lib/code/out/vs/workbench/api/node/extensionHostProcess.js:72:14852)
	at MessagePortMain.<anonymous> (/usr/lib/code/out/vs/workbench/api/node/extensionHostProcess.js:126:30529)
	at MessagePortMain.emit (node:events:513:28)
	at MessagePortMain._internalPort.emit (node:electron/js2c/utility_init:2:367)
2023-05-30 12:37:34.553 [info] Extension host terminating: renderer closed the MessagePort
2023-05-30 12:37:34.630 [error] Canceled: Canceled
	at new l (/usr/lib/code/out/vs/workbench/api/node/extensionHostProcess.js:98:104563)
	at a.O (/usr/lib/code/out/vs/workbench/api/node/extensionHostProcess.js:110:11657)
	at H.<computed>.V.charCodeAt.H.<computed> (/usr/lib/code/out/vs/workbench/api/node/extensionHostProcess.js:110:8947)
	at e.ExtHostCommands.g (/usr/lib/code/out/vs/workbench/api/node/extensionHostProcess.js:98:124729)
	at e.ExtHostCommands.executeCommand (/usr/lib/code/out/vs/workbench/api/node/extensionHostProcess.js:98:124105)
	at C.registerCommand.description (/usr/lib/code/out/vs/workbench/api/node/extensionHostProcess.js:98:123398)
	at e.ExtHostCommands.h (/usr/lib/code/out/vs/workbench/api/node/extensionHostProcess.js:98:125315)
	at e.ExtHostCommands.g (/usr/lib/code/out/vs/workbench/api/node/extensionHostProcess.js:98:124205)
	at e.ExtHostCommands.executeCommand (/usr/lib/code/out/vs/workbench/api/node/extensionHostProcess.js:98:124105)
	at Object.executeCommand (/usr/lib/code/out/vs/workbench/api/node/extensionHostProcess.js:116:24043)
	at D (/usr/lib/code/extensions/git/dist/main.js:2:1259661)
	at v.invoke (/usr/lib/code/out/vs/workbench/api/node/extensionHostProcess.js:63:145)
	at h.deliver (/usr/lib/code/out/vs/workbench/api/node/extensionHostProcess.js:63:2121)
	at i.fire (/usr/lib/code/out/vs/workbench/api/node/extensionHostProcess.js:63:1729)
	at Object.m [as dispose] (/usr/lib/code/extensions/git/dist/main.js:2:1274494)
	at /usr/lib/code/extensions/git/dist/main.js:2:1278940
	at Array.forEach (<anonymous>)
	at g.dispose (/usr/lib/code/extensions/git/dist/main.js:2:1278926)
	at t.<anonymous> (/usr/lib/code/out/vs/workbench/api/node/extensionHostProcess.js:96:12369)
	at t.dispose (/usr/lib/code/out/vs/workbench/api/node/extensionHostProcess.js:96:12504)
	at t.<anonymous> (/usr/lib/code/extensions/git/dist/main.js:2:1261791)
	at t.dispose (/usr/lib/code/out/vs/workbench/api/node/extensionHostProcess.js:96:12504)
	at T (/usr/lib/code/out/vs/workbench/api/node/extensionHostProcess.js:10:12080)
	at v.Y (/usr/lib/code/out/vs/workbench/api/node/extensionHostProcess.js:112:11173)
	at /usr/lib/code/out/vs/workbench/api/node/extensionHostProcess.js:112:9157
	at Array.map (<anonymous>)
	at v.R (/usr/lib/code/out/vs/workbench/api/node/extensionHostProcess.js:112:9144)
	at v.terminate (/usr/lib/code/out/vs/workbench/api/node/extensionHostProcess.js:112:9415)
	at d.terminate (/usr/lib/code/out/vs/workbench/api/node/extensionHostProcess.js:116:1544)
	at g (/usr/lib/code/out/vs/workbench/api/node/extensionHostProcess.js:126:34439)
	at MessagePortMain.<anonymous> (/usr/lib/code/out/vs/workbench/api/node/extensionHostProcess.js:126:30578)
	at MessagePortMain.emit (node:events:513:28)
	at MessagePortMain._internalPort.emit (node:electron/js2c/utility_init:2:367) setContext undefined
2023-05-30 12:37:34.664 [info] Extension host with pid 3110 exiting with code 0
