2023-05-30 12:33:50.232 [info] Log level: Info
2023-05-30 12:33:50.232 [info] Validating found git in: "git"
2023-05-30 12:33:50.232 [info] Using git "2.40.1" from "git"
2023-05-30 12:34:12.593 [info] Log level: Info
2023-05-30 12:34:12.593 [info] Validating found git in: "git"
2023-05-30 12:34:12.593 [info] Using git "2.40.1" from "git"
2023-05-30 12:34:12.593 [info] > git rev-parse --show-toplevel [88ms]
2023-05-30 12:34:12.603 [info] > git rev-parse --git-dir --git-common-dir [2ms]
2023-05-30 12:34:12.625 [info] Open repository: /home/darkxx/login-page-gym-web
2023-05-30 12:34:12.672 [info] > git config --get commit.template [9ms]
2023-05-30 12:34:12.728 [info] > git for-each-ref --format=%(refname)%00%(upstream:short)%00%(objectname)%00%(upstream:track)%00%(upstream:remotename)%00%(upstream:remoteref) refs/heads/main refs/remotes/main [13ms]
2023-05-30 12:34:12.754 [info] > git status -z -uall [8ms]
2023-05-30 12:34:12.807 [info] > git config --get commit.template [18ms]
2023-05-30 12:34:12.811 [info] > git for-each-ref --format=%(refname)%00%(upstream:short)%00%(objectname)%00%(upstream:track)%00%(upstream:remotename)%00%(upstream:remoteref) refs/heads/main refs/remotes/main [10ms]
2023-05-30 12:34:12.826 [info] > git status -z -uall [6ms]
2023-05-30 12:34:13.234 [info] > git check-ignore -v -z --stdin [5ms]
2023-05-30 12:34:15.378 [info] > git show --textconv :index.html [29ms]
2023-05-30 12:34:15.408 [info] > git ls-files --stage -- /home/darkxx/login-page-gym-web/index.html [37ms]
2023-05-30 12:34:15.444 [info] > git cat-file -s ad65d21aceeb63b91b2de9d5ed92e436fc844b22 [6ms]
2023-05-30 12:34:38.050 [info] > git show --textconv :index.html [17ms]
2023-05-30 12:34:38.055 [info] > git ls-files --stage -- /home/darkxx/login-page-gym-web/index.html [6ms]
2023-05-30 12:34:38.084 [info] > git cat-file -s ad65d21aceeb63b91b2de9d5ed92e436fc844b22 [14ms]
2023-05-30 12:35:27.461 [info] > git show --textconv :style.css [23ms]
2023-05-30 12:35:27.467 [info] > git ls-files --stage -- /home/darkxx/login-page-gym-web/style.css [9ms]
2023-05-30 12:35:27.485 [info] > git cat-file -s 7505e8e5c5de1e5aef569f3232bff02311687329 [7ms]
2023-05-30 12:35:48.351 [info] > git show --textconv :index.html [26ms]
2023-05-30 12:35:48.356 [info] > git ls-files --stage -- /home/darkxx/login-page-gym-web/index.html [8ms]
2023-05-30 12:35:48.375 [info] > git cat-file -s ad65d21aceeb63b91b2de9d5ed92e436fc844b22 [5ms]
