2023-05-30 12:33:45.559 [info] Added views:workbench.panel.markers.view in workbench.panel.markers
2023-05-30 12:33:45.559 [info] Added views:workbench.panel.output in workbench.panel.output
2023-05-30 12:33:45.559 [info] Added views:terminal in terminal
2023-05-30 12:33:45.559 [info] Added views:outline in workbench.view.explorer
2023-05-30 12:33:45.559 [info] Added views:workbench.scm in workbench.view.scm
2023-05-30 12:33:45.559 [info] Added views:workbench.view.search in workbench.view.search
2023-05-30 12:33:45.559 [info] Added views:timeline in workbench.view.explorer
2023-05-30 12:33:45.559 [info] Added views:workbench.explorer.emptyView in workbench.view.explorer
2023-05-30 12:33:48.245 [info] Added views:workbench.debug.variablesView,workbench.debug.watchExpressionsView,workbench.debug.callStackView,workbench.debug.breakPointsView in workbench.view.debug
2023-05-30 12:33:48.731 [info] Added views:workbench.panel.repl.view in workbench.panel.repl
2023-05-30 12:33:48.736 [info] Removed views:workbench.debug.breakPointsView,workbench.debug.callStackView,workbench.debug.watchExpressionsView,workbench.debug.variablesView from workbench.view.debug
2023-05-30 12:33:48.738 [info] Added views:workbench.debug.welcome in workbench.view.debug
2023-05-30 12:33:58.650 [info] Added views:workbench.panel.markers.view in workbench.panel.markers
2023-05-30 12:33:58.650 [info] Added views:workbench.panel.output in workbench.panel.output
2023-05-30 12:33:58.650 [info] Added views:terminal in terminal
2023-05-30 12:33:58.650 [info] Added views:outline in workbench.view.explorer
2023-05-30 12:33:58.650 [info] Added views:workbench.scm in workbench.view.scm
2023-05-30 12:33:58.650 [info] Added views:workbench.view.search in workbench.view.search
2023-05-30 12:33:58.650 [info] Added views:timeline in workbench.view.explorer
2023-05-30 12:33:58.650 [info] Added views:workbench.explorer.fileView in workbench.view.explorer
2023-05-30 12:34:00.170 [info] Added views:workbench.debug.variablesView,workbench.debug.watchExpressionsView,workbench.debug.callStackView,workbench.debug.breakPointsView in workbench.view.debug
2023-05-30 12:34:00.307 [info] Added views:workbench.panel.repl.view in workbench.panel.repl
2023-05-30 12:34:00.308 [info] Removed views:workbench.debug.breakPointsView,workbench.debug.callStackView,workbench.debug.watchExpressionsView,workbench.debug.variablesView from workbench.view.debug
2023-05-30 12:34:00.309 [info] Added views:workbench.debug.welcome in workbench.view.debug
2023-05-30 12:34:16.233 [info] Added views:workbench.views.extensions.installed,workbench.views.extensions.popular,extensions.recommendedList in workbench.view.extensions
2023-05-30 12:34:16.239 [info] Removed views:workbench.views.extensions.popular from workbench.view.extensions
2023-05-30 12:34:17.598 [info] Added views:workbench.views.extensions.popular in workbench.view.extensions
2023-05-30 12:34:19.151 [info] Removed views:extensions.recommendedList,workbench.views.extensions.popular,workbench.views.extensions.installed from workbench.view.extensions
2023-05-30 12:34:19.186 [info] Added views:workbench.views.extensions.marketplace in workbench.view.extensions
