2023-05-31 11:30:42.737 [info] Log level: Info
2023-05-31 11:30:42.737 [info] Validating found git in: "git"
2023-05-31 11:30:42.737 [info] Using git "2.40.1" from "git"
2023-05-31 11:30:42.737 [info] > git rev-parse --show-toplevel [1021ms]
2023-05-31 11:30:42.737 [info] > git rev-parse --git-dir --git-common-dir [24ms]
2023-05-31 11:30:42.737 [info] Open repository: /home/darkxx/login-page-gym-web
2023-05-31 11:30:42.737 [info] > git config --get commit.template [70ms]
2023-05-31 11:30:42.737 [info] > git for-each-ref --format=%(refname)%00%(upstream:short)%00%(objectname)%00%(upstream:track)%00%(upstream:remotename)%00%(upstream:remoteref) refs/heads/main refs/remotes/main [26ms]
2023-05-31 11:30:42.737 [info] > git status -z -uall [44ms]
2023-05-31 11:30:42.737 [info] > git config --get commit.template [140ms]
2023-05-31 11:30:42.737 [info] > git for-each-ref --format=%(refname)%00%(upstream:short)%00%(objectname)%00%(upstream:track)%00%(upstream:remotename)%00%(upstream:remoteref) refs/heads/main refs/remotes/main [20ms]
2023-05-31 11:30:42.737 [info] > git status -z -uall [20ms]
2023-05-31 11:30:42.738 [info] > git check-ignore -v -z --stdin [25ms]
2023-05-31 11:30:43.879 [info] > git show --textconv :index.html [84ms]
2023-05-31 11:30:43.886 [info] > git ls-files --stage -- /home/darkxx/login-page-gym-web/index.html [26ms]
2023-05-31 11:30:43.992 [info] > git cat-file -s ad65d21aceeb63b91b2de9d5ed92e436fc844b22 [36ms]
2023-05-31 11:30:53.367 [info] Log level: Info
2023-05-31 11:30:53.367 [info] Validating found git in: "git"
2023-05-31 11:30:53.367 [info] Using git "2.40.1" from "git"
2023-05-31 11:30:53.367 [info] > git rev-parse --show-toplevel [82ms]
2023-05-31 11:30:53.367 [info] fatal: not a git repository (or any of the parent directories): .git
2023-05-31 11:30:53.367 [info] > git rev-parse --show-toplevel [338ms]
2023-05-31 11:30:53.367 [info] fatal: not a git repository (or any of the parent directories): .git
2023-05-31 11:30:53.367 [info] > git rev-parse --show-toplevel [28ms]
2023-05-31 11:30:53.367 [info] fatal: not a git repository (or any of the parent directories): .git
2023-05-31 11:30:53.370 [info] > git rev-parse --show-toplevel [5ms]
2023-05-31 11:30:53.370 [info] fatal: not a git repository (or any of the parent directories): .git
2023-05-31 11:30:53.389 [info] > git rev-parse --show-toplevel [9ms]
2023-05-31 11:30:53.389 [info] fatal: not a git repository (or any of the parent directories): .git
2023-05-31 11:30:53.416 [info] > git rev-parse --show-toplevel [6ms]
2023-05-31 11:30:53.416 [info] fatal: not a git repository (or any of the parent directories): .git
2023-05-31 11:30:53.429 [info] > git rev-parse --show-toplevel [4ms]
2023-05-31 11:30:53.429 [info] fatal: not a git repository (or any of the parent directories): .git
2023-05-31 11:30:53.447 [info] > git rev-parse --show-toplevel [7ms]
2023-05-31 11:30:53.447 [info] fatal: not a git repository (or any of the parent directories): .git
2023-05-31 11:30:53.466 [info] > git rev-parse --show-toplevel [7ms]
2023-05-31 11:30:53.466 [info] fatal: not a git repository (or any of the parent directories): .git
2023-05-31 11:30:53.501 [info] > git rev-parse --show-toplevel [6ms]
2023-05-31 11:30:53.502 [info] fatal: not a git repository (or any of the parent directories): .git
2023-05-31 11:30:53.530 [info] > git rev-parse --show-toplevel [11ms]
2023-05-31 11:30:53.530 [info] fatal: not a git repository (or any of the parent directories): .git
2023-05-31 11:30:53.564 [info] > git rev-parse --show-toplevel [9ms]
2023-05-31 11:30:53.564 [info] fatal: not a git repository (or any of the parent directories): .git
2023-05-31 11:30:53.594 [info] > git rev-parse --show-toplevel [9ms]
2023-05-31 11:30:53.594 [info] fatal: not a git repository (or any of the parent directories): .git
2023-05-31 11:30:53.623 [info] > git rev-parse --show-toplevel [6ms]
2023-05-31 11:30:53.623 [info] fatal: not a git repository (or any of the parent directories): .git
2023-05-31 11:30:53.658 [info] > git rev-parse --show-toplevel [7ms]
2023-05-31 11:30:53.658 [info] fatal: not a git repository (or any of the parent directories): .git
2023-05-31 11:30:53.691 [info] > git rev-parse --show-toplevel [7ms]
2023-05-31 11:30:53.691 [info] fatal: not a git repository (or any of the parent directories): .git
2023-05-31 11:30:53.737 [info] > git rev-parse --show-toplevel [14ms]
2023-05-31 11:30:53.737 [info] fatal: not a git repository (or any of the parent directories): .git
2023-05-31 11:30:53.770 [info] > git rev-parse --show-toplevel [5ms]
2023-05-31 11:30:53.770 [info] fatal: not a git repository (or any of the parent directories): .git
2023-05-31 11:30:53.797 [info] > git rev-parse --show-toplevel [6ms]
2023-05-31 11:30:53.797 [info] fatal: not a git repository (or any of the parent directories): .git
2023-05-31 11:30:53.828 [info] > git rev-parse --show-toplevel [8ms]
2023-05-31 11:30:53.828 [info] fatal: not a git repository (or any of the parent directories): .git
2023-05-31 11:30:53.877 [info] > git rev-parse --show-toplevel [11ms]
2023-05-31 11:30:53.907 [info] > git rev-parse --git-dir --git-common-dir [6ms]
2023-05-31 11:30:53.931 [info] Open repository: /home/darkxx/dash-to-dock
2023-05-31 11:30:53.989 [info] > git rev-parse --show-toplevel [29ms]
2023-05-31 11:30:53.989 [info] fatal: this operation must be run in a work tree
2023-05-31 11:30:54.024 [info] > git config --get commit.template [37ms]
2023-05-31 11:30:54.048 [info] > git rev-parse --show-toplevel [27ms]
2023-05-31 11:30:54.081 [info] > git for-each-ref --format=%(refname)%00%(upstream:short)%00%(objectname)%00%(upstream:track)%00%(upstream:remotename)%00%(upstream:remoteref) refs/heads/master refs/remotes/master [34ms]
2023-05-31 11:30:54.106 [info] > git rev-parse --git-dir --git-common-dir [25ms]
2023-05-31 11:30:54.132 [info] Open repository: /home/darkxx/login-page-gym-web
2023-05-31 11:30:54.214 [info] > git status -z -uall [110ms]
2023-05-31 11:30:54.307 [info] > git config --get commit.template [94ms]
2023-05-31 11:30:54.307 [info] > git rev-parse --show-toplevel [134ms]
2023-05-31 11:30:54.346 [info] > git config --get commit.template [39ms]
2023-05-31 11:30:54.384 [info] > git rev-parse --git-dir --git-common-dir [55ms]
2023-05-31 11:30:54.397 [info] Open repository: /home/darkxx/wallpapers
2023-05-31 11:30:54.474 [info] > git for-each-ref --format=%(refname)%00%(upstream:short)%00%(objectname)%00%(upstream:track)%00%(upstream:remotename)%00%(upstream:remoteref) refs/heads/main refs/remotes/main [91ms]
2023-05-31 11:30:54.518 [info] > git config --get commit.template [45ms]
2023-05-31 11:30:54.518 [info] > git for-each-ref --format=%(refname)%00%(upstream:short)%00%(objectname)%00%(upstream:track)%00%(upstream:remotename)%00%(upstream:remoteref) refs/heads/master refs/remotes/master [77ms]
2023-05-31 11:30:54.553 [info] > git status -z -uall [39ms]
2023-05-31 11:30:54.727 [info] > git status -z -uall [180ms]
2023-05-31 11:30:54.728 [info] > git config --get commit.template [53ms]
2023-05-31 11:30:54.728 [info] > git for-each-ref --format=%(refname)%00%(upstream:short)%00%(objectname)%00%(upstream:track)%00%(upstream:remotename)%00%(upstream:remoteref) refs/heads/master refs/remotes/master [82ms]
2023-05-31 11:30:54.791 [info] > git for-each-ref --format=%(refname)%00%(upstream:short)%00%(objectname)%00%(upstream:track)%00%(upstream:remotename)%00%(upstream:remoteref) refs/heads/main refs/remotes/main [21ms]
2023-05-31 11:30:54.842 [info] > git status -z -uall [18ms]
2023-05-31 11:30:55.200 [info] > git check-ignore -v -z --stdin [101ms]
2023-05-31 11:30:55.202 [info] > git check-ignore -v -z --stdin [59ms]
2023-05-31 11:30:55.209 [info] > git check-ignore -v -z --stdin [10ms]
2023-05-31 11:30:55.653 [info] > git rev-parse --show-toplevel [6ms]
2023-05-31 11:30:55.653 [info] fatal: not a git repository (or any of the parent directories): .git
2023-05-31 11:30:57.133 [info] > git status -z -uall [2392ms]
2023-05-31 11:31:08.937 [info] > git rev-parse --show-toplevel [26ms]
2023-05-31 11:31:08.938 [info] fatal: not a git repository (or any of the parent directories): .git
